<?xml version="1.0" encoding="UTF-8"?>
<robot generator="Robot 4.1.3 (Python 3.10.1 on win32)" generated="20220316 01:17:23.555" rpa="false" schemaversion="2">
<suite id="s1" name="US Stocks" source="C:\Users\Admin\Robot\Tests\US_Stocks.robot">
<test id="s1-t1" name="Verify if the user is able to click on watchlist and Top watchlisted US stocks should be displayed.">
<kw name="Given open kuvera and login" library="keywords">
<kw name="Open Browser" library="SeleniumLibrary">
<arg>${kuvera URL}</arg>
<arg>${Browser}</arg>
<doc>Opens a new browser instance to the optional ``url``.</doc>
<msg timestamp="20220316 01:17:24.074" level="INFO">Opening browser 'chrome' to base url 'https://kuvera.in/'.</msg>
<status status="PASS" starttime="20220316 01:17:24.071" endtime="20220316 01:17:28.515"/>
</kw>
<kw name="Sleep" library="BuiltIn">
<arg>3s</arg>
<doc>Pauses the test executed for the given time.</doc>
<msg timestamp="20220316 01:17:31.516" level="INFO">Slept 3 seconds</msg>
<status status="PASS" starttime="20220316 01:17:28.515" endtime="20220316 01:17:31.516"/>
</kw>
<kw name="Maximize Browser Window" library="SeleniumLibrary">
<doc>Maximizes current browser window.</doc>
<status status="PASS" starttime="20220316 01:17:31.516" endtime="20220316 01:17:31.823"/>
</kw>
<kw name="Click Element" library="SeleniumLibrary">
<arg>${close}</arg>
<doc>Click the element identified by ``locator``.</doc>
<msg timestamp="20220316 01:17:31.824" level="INFO">Clicking element 'xpath://button[contains(text(),'Close')]'.</msg>
<status status="PASS" starttime="20220316 01:17:31.823" endtime="20220316 01:17:31.932"/>
</kw>
<kw name="Sleep" library="BuiltIn">
<arg>4s</arg>
<doc>Pauses the test executed for the given time.</doc>
<msg timestamp="20220316 01:17:35.934" level="INFO">Slept 4 seconds</msg>
<status status="PASS" starttime="20220316 01:17:31.933" endtime="20220316 01:17:35.934"/>
</kw>
<kw name="Click Element" library="SeleniumLibrary">
<arg>${login}</arg>
<doc>Click the element identified by ``locator``.</doc>
<msg timestamp="20220316 01:17:35.934" level="INFO">Clicking element 'xpath://a[contains(text(),'Log in')]'.</msg>
<status status="PASS" starttime="20220316 01:17:35.934" endtime="20220316 01:17:36.036"/>
</kw>
<kw name="Sleep" library="BuiltIn">
<arg>4s</arg>
<doc>Pauses the test executed for the given time.</doc>
<msg timestamp="20220316 01:17:40.037" level="INFO">Slept 4 seconds</msg>
<status status="PASS" starttime="20220316 01:17:36.036" endtime="20220316 01:17:40.037"/>
</kw>
<kw name="Input Text" library="SeleniumLibrary">
<arg>${email_path}</arg>
<arg>${email_value}</arg>
<doc>Types the given ``text`` into the text field identified by ``locator``.</doc>
<msg timestamp="20220316 01:17:40.038" level="INFO">Typing text 'indiakarnataka18@gmail.com' into text field 'id:email'.</msg>
<status status="PASS" starttime="20220316 01:17:40.037" endtime="20220316 01:17:40.266"/>
</kw>
<kw name="Input Text" library="SeleniumLibrary">
<arg>${pwd_path}</arg>
<arg>${pwd_value}</arg>
<doc>Types the given ``text`` into the text field identified by ``locator``.</doc>
<msg timestamp="20220316 01:17:40.266" level="INFO">Typing text 'Tom2jerry!' into text field 'id:password'.</msg>
<status status="PASS" starttime="20220316 01:17:40.266" endtime="20220316 01:17:40.494"/>
</kw>
<kw name="Sleep" library="BuiltIn">
<arg>4s</arg>
<doc>Pauses the test executed for the given time.</doc>
<msg timestamp="20220316 01:17:44.495" level="INFO">Slept 4 seconds</msg>
<status status="PASS" starttime="20220316 01:17:40.494" endtime="20220316 01:17:44.495"/>
</kw>
<kw name="Click Button" library="SeleniumLibrary">
<arg>${lognbtn}</arg>
<doc>Clicks the button identified by ``locator``.</doc>
<msg timestamp="20220316 01:17:44.496" level="INFO">Clicking button 'xpath://button[@id='login-btn']'.</msg>
<status status="PASS" starttime="20220316 01:17:44.495" endtime="20220316 01:17:44.605"/>
</kw>
<kw name="Sleep" library="BuiltIn">
<arg>7s</arg>
<doc>Pauses the test executed for the given time.</doc>
<msg timestamp="20220316 01:17:51.607" level="INFO">Slept 7 seconds</msg>
<status status="PASS" starttime="20220316 01:17:44.606" endtime="20220316 01:17:51.607"/>
</kw>
<status status="PASS" starttime="20220316 01:17:24.070" endtime="20220316 01:17:51.607"/>
</kw>
<kw name="When click on Watchlist and US Stocks" library="keywords">
<kw name="Sleep" library="BuiltIn">
<arg>7s</arg>
<doc>Pauses the test executed for the given time.</doc>
<msg timestamp="20220316 01:17:58.614" level="INFO">Slept 7 seconds</msg>
<status status="PASS" starttime="20220316 01:17:51.611" endtime="20220316 01:17:58.614"/>
</kw>
<kw name="Click Element" library="SeleniumLibrary">
<arg>${watchlist}</arg>
<doc>Click the element identified by ``locator``.</doc>
<msg timestamp="20220316 01:17:58.615" level="INFO">Clicking element 'xpath://span[contains(text(),'Watchlist')]'.</msg>
<status status="PASS" starttime="20220316 01:17:58.614" endtime="20220316 01:17:58.681"/>
</kw>
<kw name="Sleep" library="BuiltIn">
<arg>7s</arg>
<doc>Pauses the test executed for the given time.</doc>
<msg timestamp="20220316 01:18:05.684" level="INFO">Slept 7 seconds</msg>
<status status="PASS" starttime="20220316 01:17:58.681" endtime="20220316 01:18:05.684"/>
</kw>
<kw name="Click Element" library="SeleniumLibrary">
<arg>${US_Stocks}</arg>
<doc>Click the element identified by ``locator``.</doc>
<msg timestamp="20220316 01:18:05.685" level="INFO">Clicking element 'xpath://div[contains(text(),'US Stocks')]'.</msg>
<status status="PASS" starttime="20220316 01:18:05.684" endtime="20220316 01:18:05.769"/>
</kw>
<kw name="Sleep" library="BuiltIn">
<arg>6s</arg>
<doc>Pauses the test executed for the given time.</doc>
<msg timestamp="20220316 01:18:11.770" level="INFO">Slept 6 seconds</msg>
<status status="PASS" starttime="20220316 01:18:05.769" endtime="20220316 01:18:11.770"/>
</kw>
<status status="PASS" starttime="20220316 01:17:51.610" endtime="20220316 01:18:11.770"/>
</kw>
<kw name="Close All Browsers" library="SeleniumLibrary">
<doc>Closes all open browsers and resets the browser cache.</doc>
<status status="PASS" starttime="20220316 01:18:11.771" endtime="20220316 01:18:14.044"/>
</kw>
<tag>TC1</tag>
<status status="PASS" starttime="20220316 01:17:24.068" endtime="20220316 01:18:14.045"/>
</test>
<test id="s1-t2" name="Verify if the user is able to click on Buy.">
<kw name="Given open kuvera and login" library="keywords">
<kw name="Open Browser" library="SeleniumLibrary">
<arg>${kuvera URL}</arg>
<arg>${Browser}</arg>
<doc>Opens a new browser instance to the optional ``url``.</doc>
<msg timestamp="20220316 01:18:14.052" level="INFO">Opening browser 'chrome' to base url 'https://kuvera.in/'.</msg>
<status status="PASS" starttime="20220316 01:18:14.050" endtime="20220316 01:18:18.231"/>
</kw>
<kw name="Sleep" library="BuiltIn">
<arg>3s</arg>
<doc>Pauses the test executed for the given time.</doc>
<msg timestamp="20220316 01:18:21.234" level="INFO">Slept 3 seconds</msg>
<status status="PASS" starttime="20220316 01:18:18.232" endtime="20220316 01:18:21.234"/>
</kw>
<kw name="Maximize Browser Window" library="SeleniumLibrary">
<doc>Maximizes current browser window.</doc>
<status status="PASS" starttime="20220316 01:18:21.234" endtime="20220316 01:18:21.395"/>
</kw>
<kw name="Click Element" library="SeleniumLibrary">
<arg>${close}</arg>
<doc>Click the element identified by ``locator``.</doc>
<msg timestamp="20220316 01:18:21.396" level="INFO">Clicking element 'xpath://button[contains(text(),'Close')]'.</msg>
<status status="PASS" starttime="20220316 01:18:21.395" endtime="20220316 01:18:21.536"/>
</kw>
<kw name="Sleep" library="BuiltIn">
<arg>4s</arg>
<doc>Pauses the test executed for the given time.</doc>
<msg timestamp="20220316 01:18:25.537" level="INFO">Slept 4 seconds</msg>
<status status="PASS" starttime="20220316 01:18:21.536" endtime="20220316 01:18:25.537"/>
</kw>
<kw name="Click Element" library="SeleniumLibrary">
<arg>${login}</arg>
<doc>Click the element identified by ``locator``.</doc>
<msg timestamp="20220316 01:18:25.538" level="INFO">Clicking element 'xpath://a[contains(text(),'Log in')]'.</msg>
<status status="PASS" starttime="20220316 01:18:25.537" endtime="20220316 01:18:25.638"/>
</kw>
<kw name="Sleep" library="BuiltIn">
<arg>4s</arg>
<doc>Pauses the test executed for the given time.</doc>
<msg timestamp="20220316 01:18:29.639" level="INFO">Slept 4 seconds</msg>
<status status="PASS" starttime="20220316 01:18:25.638" endtime="20220316 01:18:29.639"/>
</kw>
<kw name="Input Text" library="SeleniumLibrary">
<arg>${email_path}</arg>
<arg>${email_value}</arg>
<doc>Types the given ``text`` into the text field identified by ``locator``.</doc>
<msg timestamp="20220316 01:18:29.640" level="INFO">Typing text 'indiakarnataka18@gmail.com' into text field 'id:email'.</msg>
<status status="PASS" starttime="20220316 01:18:29.639" endtime="20220316 01:18:29.868"/>
</kw>
<kw name="Input Text" library="SeleniumLibrary">
<arg>${pwd_path}</arg>
<arg>${pwd_value}</arg>
<doc>Types the given ``text`` into the text field identified by ``locator``.</doc>
<msg timestamp="20220316 01:18:29.870" level="INFO">Typing text 'Tom2jerry!' into text field 'id:password'.</msg>
<status status="PASS" starttime="20220316 01:18:29.868" endtime="20220316 01:18:30.037"/>
</kw>
<kw name="Sleep" library="BuiltIn">
<arg>4s</arg>
<doc>Pauses the test executed for the given time.</doc>
<msg timestamp="20220316 01:18:34.039" level="INFO">Slept 4 seconds</msg>
<status status="PASS" starttime="20220316 01:18:30.038" endtime="20220316 01:18:34.039"/>
</kw>
<kw name="Click Button" library="SeleniumLibrary">
<arg>${lognbtn}</arg>
<doc>Clicks the button identified by ``locator``.</doc>
<msg timestamp="20220316 01:18:34.039" level="INFO">Clicking button 'xpath://button[@id='login-btn']'.</msg>
<status status="PASS" starttime="20220316 01:18:34.039" endtime="20220316 01:18:34.143"/>
</kw>
<kw name="Sleep" library="BuiltIn">
<arg>7s</arg>
<doc>Pauses the test executed for the given time.</doc>
<msg timestamp="20220316 01:18:41.145" level="INFO">Slept 7 seconds</msg>
<status status="PASS" starttime="20220316 01:18:34.143" endtime="20220316 01:18:41.145"/>
</kw>
<status status="PASS" starttime="20220316 01:18:14.049" endtime="20220316 01:18:41.145"/>
</kw>
<kw name="When click on Watchlist and US Stocks" library="keywords">
<kw name="Sleep" library="BuiltIn">
<arg>7s</arg>
<doc>Pauses the test executed for the given time.</doc>
<msg timestamp="20220316 01:18:48.149" level="INFO">Slept 7 seconds</msg>
<status status="PASS" starttime="20220316 01:18:41.147" endtime="20220316 01:18:48.149"/>
</kw>
<kw name="Click Element" library="SeleniumLibrary">
<arg>${watchlist}</arg>
<doc>Click the element identified by ``locator``.</doc>
<msg timestamp="20220316 01:18:48.150" level="INFO">Clicking element 'xpath://span[contains(text(),'Watchlist')]'.</msg>
<status status="PASS" starttime="20220316 01:18:48.149" endtime="20220316 01:18:48.236"/>
</kw>
<kw name="Sleep" library="BuiltIn">
<arg>7s</arg>
<doc>Pauses the test executed for the given time.</doc>
<msg timestamp="20220316 01:18:55.238" level="INFO">Slept 7 seconds</msg>
<status status="PASS" starttime="20220316 01:18:48.236" endtime="20220316 01:18:55.238"/>
</kw>
<kw name="Click Element" library="SeleniumLibrary">
<arg>${US_Stocks}</arg>
<doc>Click the element identified by ``locator``.</doc>
<msg timestamp="20220316 01:18:55.239" level="INFO">Clicking element 'xpath://div[contains(text(),'US Stocks')]'.</msg>
<status status="PASS" starttime="20220316 01:18:55.239" endtime="20220316 01:18:55.345"/>
</kw>
<kw name="Sleep" library="BuiltIn">
<arg>6s</arg>
<doc>Pauses the test executed for the given time.</doc>
<msg timestamp="20220316 01:19:01.347" level="INFO">Slept 6 seconds</msg>
<status status="PASS" starttime="20220316 01:18:55.345" endtime="20220316 01:19:01.347"/>
</kw>
<status status="PASS" starttime="20220316 01:18:41.146" endtime="20220316 01:19:01.348"/>
</kw>
<kw name="And select any plan" library="keywords">
<kw name="Click Element" library="SeleniumLibrary">
<arg>${stock_name}</arg>
<doc>Click the element identified by ``locator``.</doc>
<msg timestamp="20220316 01:19:01.351" level="INFO">Clicking element 'xpath://a[contains(text(),'ProShares Ultra Bloomberg Crude Oil')]'.</msg>
<status status="PASS" starttime="20220316 01:19:01.350" endtime="20220316 01:19:01.437"/>
</kw>
<kw name="Sleep" library="BuiltIn">
<arg>7s</arg>
<doc>Pauses the test executed for the given time.</doc>
<msg timestamp="20220316 01:19:08.439" level="INFO">Slept 7 seconds</msg>
<status status="PASS" starttime="20220316 01:19:01.437" endtime="20220316 01:19:08.439"/>
</kw>
<status status="PASS" starttime="20220316 01:19:01.349" endtime="20220316 01:19:08.439"/>
</kw>
<kw name="Then click on buy" library="keywords">
<kw name="Click Button" library="SeleniumLibrary">
<arg>${buy}</arg>
<doc>Clicks the button identified by ``locator``.</doc>
<msg timestamp="20220316 01:19:08.442" level="INFO">Clicking button '//*[contains(text(),'Buy')]'.</msg>
<status status="PASS" starttime="20220316 01:19:08.442" endtime="20220316 01:19:08.626"/>
</kw>
<kw name="Sleep" library="BuiltIn">
<arg>20s</arg>
<doc>Pauses the test executed for the given time.</doc>
<msg timestamp="20220316 01:19:28.628" level="INFO">Slept 20 seconds</msg>
<status status="PASS" starttime="20220316 01:19:08.626" endtime="20220316 01:19:28.628"/>
</kw>
<status status="PASS" starttime="20220316 01:19:08.441" endtime="20220316 01:19:28.628"/>
</kw>
<kw name="Close All Browsers" library="SeleniumLibrary">
<doc>Closes all open browsers and resets the browser cache.</doc>
<status status="PASS" starttime="20220316 01:19:28.629" endtime="20220316 01:19:30.959"/>
</kw>
<tag>TC2</tag>
<status status="PASS" starttime="20220316 01:18:14.048" endtime="20220316 01:19:30.960"/>
</test>
<test id="s1-t3" name="Verify if the user is able to click on Import Holdings">
<kw name="Given open kuvera and login" library="keywords">
<kw name="Open Browser" library="SeleniumLibrary">
<arg>${kuvera URL}</arg>
<arg>${Browser}</arg>
<doc>Opens a new browser instance to the optional ``url``.</doc>
<msg timestamp="20220316 01:19:30.967" level="INFO">Opening browser 'chrome' to base url 'https://kuvera.in/'.</msg>
<status status="PASS" starttime="20220316 01:19:30.967" endtime="20220316 01:19:34.933"/>
</kw>
<kw name="Sleep" library="BuiltIn">
<arg>3s</arg>
<doc>Pauses the test executed for the given time.</doc>
<msg timestamp="20220316 01:19:37.935" level="INFO">Slept 3 seconds</msg>
<status status="PASS" starttime="20220316 01:19:34.933" endtime="20220316 01:19:37.935"/>
</kw>
<kw name="Maximize Browser Window" library="SeleniumLibrary">
<doc>Maximizes current browser window.</doc>
<status status="PASS" starttime="20220316 01:19:37.935" endtime="20220316 01:19:38.112"/>
</kw>
<kw name="Click Element" library="SeleniumLibrary">
<arg>${close}</arg>
<doc>Click the element identified by ``locator``.</doc>
<msg timestamp="20220316 01:19:38.112" level="INFO">Clicking element 'xpath://button[contains(text(),'Close')]'.</msg>
<status status="PASS" starttime="20220316 01:19:38.112" endtime="20220316 01:19:38.207"/>
</kw>
<kw name="Sleep" library="BuiltIn">
<arg>4s</arg>
<doc>Pauses the test executed for the given time.</doc>
<msg timestamp="20220316 01:19:42.210" level="INFO">Slept 4 seconds</msg>
<status status="PASS" starttime="20220316 01:19:38.207" endtime="20220316 01:19:42.210"/>
</kw>
<kw name="Click Element" library="SeleniumLibrary">
<arg>${login}</arg>
<doc>Click the element identified by ``locator``.</doc>
<msg timestamp="20220316 01:19:42.210" level="INFO">Clicking element 'xpath://a[contains(text(),'Log in')]'.</msg>
<status status="PASS" starttime="20220316 01:19:42.210" endtime="20220316 01:19:42.308"/>
</kw>
<kw name="Sleep" library="BuiltIn">
<arg>4s</arg>
<doc>Pauses the test executed for the given time.</doc>
<msg timestamp="20220316 01:19:46.309" level="INFO">Slept 4 seconds</msg>
<status status="PASS" starttime="20220316 01:19:42.308" endtime="20220316 01:19:46.309"/>
</kw>
<kw name="Input Text" library="SeleniumLibrary">
<arg>${email_path}</arg>
<arg>${email_value}</arg>
<doc>Types the given ``text`` into the text field identified by ``locator``.</doc>
<msg timestamp="20220316 01:19:46.310" level="INFO">Typing text 'indiakarnataka18@gmail.com' into text field 'id:email'.</msg>
<status status="PASS" starttime="20220316 01:19:46.309" endtime="20220316 01:19:46.491"/>
</kw>
<kw name="Input Text" library="SeleniumLibrary">
<arg>${pwd_path}</arg>
<arg>${pwd_value}</arg>
<doc>Types the given ``text`` into the text field identified by ``locator``.</doc>
<msg timestamp="20220316 01:19:46.492" level="INFO">Typing text 'Tom2jerry!' into text field 'id:password'.</msg>
<status status="PASS" starttime="20220316 01:19:46.491" endtime="20220316 01:19:46.686"/>
</kw>
<kw name="Sleep" library="BuiltIn">
<arg>4s</arg>
<doc>Pauses the test executed for the given time.</doc>
<msg timestamp="20220316 01:19:50.689" level="INFO">Slept 4 seconds</msg>
<status status="PASS" starttime="20220316 01:19:46.686" endtime="20220316 01:19:50.689"/>
</kw>
<kw name="Click Button" library="SeleniumLibrary">
<arg>${lognbtn}</arg>
<doc>Clicks the button identified by ``locator``.</doc>
<msg timestamp="20220316 01:19:50.690" level="INFO">Clicking button 'xpath://button[@id='login-btn']'.</msg>
<status status="PASS" starttime="20220316 01:19:50.690" endtime="20220316 01:19:50.795"/>
</kw>
<kw name="Sleep" library="BuiltIn">
<arg>7s</arg>
<doc>Pauses the test executed for the given time.</doc>
<msg timestamp="20220316 01:19:57.796" level="INFO">Slept 7 seconds</msg>
<status status="PASS" starttime="20220316 01:19:50.795" endtime="20220316 01:19:57.796"/>
</kw>
<status status="PASS" starttime="20220316 01:19:30.966" endtime="20220316 01:19:57.796"/>
</kw>
<kw name="When click on Watchlist and US Stocks" library="keywords">
<kw name="Sleep" library="BuiltIn">
<arg>7s</arg>
<doc>Pauses the test executed for the given time.</doc>
<msg timestamp="20220316 01:20:04.799" level="INFO">Slept 7 seconds</msg>
<status status="PASS" starttime="20220316 01:19:57.798" endtime="20220316 01:20:04.799"/>
</kw>
<kw name="Click Element" library="SeleniumLibrary">
<arg>${watchlist}</arg>
<doc>Click the element identified by ``locator``.</doc>
<msg timestamp="20220316 01:20:04.799" level="INFO">Clicking element 'xpath://span[contains(text(),'Watchlist')]'.</msg>
<status status="PASS" starttime="20220316 01:20:04.799" endtime="20220316 01:20:04.868"/>
</kw>
<kw name="Sleep" library="BuiltIn">
<arg>7s</arg>
<doc>Pauses the test executed for the given time.</doc>
<msg timestamp="20220316 01:20:11.868" level="INFO">Slept 7 seconds</msg>
<status status="PASS" starttime="20220316 01:20:04.868" endtime="20220316 01:20:11.868"/>
</kw>
<kw name="Click Element" library="SeleniumLibrary">
<arg>${US_Stocks}</arg>
<doc>Click the element identified by ``locator``.</doc>
<msg timestamp="20220316 01:20:11.869" level="INFO">Clicking element 'xpath://div[contains(text(),'US Stocks')]'.</msg>
<status status="PASS" starttime="20220316 01:20:11.868" endtime="20220316 01:20:11.944"/>
</kw>
<kw name="Sleep" library="BuiltIn">
<arg>6s</arg>
<doc>Pauses the test executed for the given time.</doc>
<msg timestamp="20220316 01:20:17.945" level="INFO">Slept 6 seconds</msg>
<status status="PASS" starttime="20220316 01:20:11.944" endtime="20220316 01:20:17.945"/>
</kw>
<status status="PASS" starttime="20220316 01:19:57.797" endtime="20220316 01:20:17.945"/>
</kw>
<kw name="And select any plan" library="keywords">
<kw name="Click Element" library="SeleniumLibrary">
<arg>${stock_name}</arg>
<doc>Click the element identified by ``locator``.</doc>
<msg timestamp="20220316 01:20:17.947" level="INFO">Clicking element 'xpath://a[contains(text(),'ProShares Ultra Bloomberg Crude Oil')]'.</msg>
<status status="PASS" starttime="20220316 01:20:17.947" endtime="20220316 01:20:18.042"/>
</kw>
<kw name="Sleep" library="BuiltIn">
<arg>7s</arg>
<doc>Pauses the test executed for the given time.</doc>
<msg timestamp="20220316 01:20:25.042" level="INFO">Slept 7 seconds</msg>
<status status="PASS" starttime="20220316 01:20:18.042" endtime="20220316 01:20:25.042"/>
</kw>
<status status="PASS" starttime="20220316 01:20:17.946" endtime="20220316 01:20:25.043"/>
</kw>
<kw name="Then import holdings" library="keywords">
<kw name="Click Button" library="SeleniumLibrary">
<arg>${import_holdings}</arg>
<doc>Clicks the button identified by ``locator``.</doc>
<msg timestamp="20220316 01:20:25.044" level="INFO">Clicking button '//*[contains(text(),'Import holdings')]'.</msg>
<status status="PASS" starttime="20220316 01:20:25.044" endtime="20220316 01:20:25.218"/>
</kw>
<kw name="Sleep" library="BuiltIn">
<arg>15s</arg>
<doc>Pauses the test executed for the given time.</doc>
<msg timestamp="20220316 01:20:40.221" level="INFO">Slept 15 seconds</msg>
<status status="PASS" starttime="20220316 01:20:25.218" endtime="20220316 01:20:40.221"/>
</kw>
<status status="PASS" starttime="20220316 01:20:25.043" endtime="20220316 01:20:40.221"/>
</kw>
<kw name="Close All Browsers" library="SeleniumLibrary">
<doc>Closes all open browsers and resets the browser cache.</doc>
<status status="PASS" starttime="20220316 01:20:40.222" endtime="20220316 01:20:42.501"/>
</kw>
<tag>TC3</tag>
<status status="PASS" starttime="20220316 01:19:30.964" endtime="20220316 01:20:42.502"/>
</test>
<test id="s1-t4" name="Verify that when user clicks on Wishlist icon, the stock should be added to wishlist">
<kw name="Given open kuvera and login" library="keywords">
<kw name="Open Browser" library="SeleniumLibrary">
<arg>${kuvera URL}</arg>
<arg>${Browser}</arg>
<doc>Opens a new browser instance to the optional ``url``.</doc>
<msg timestamp="20220316 01:20:42.506" level="INFO">Opening browser 'chrome' to base url 'https://kuvera.in/'.</msg>
<status status="PASS" starttime="20220316 01:20:42.506" endtime="20220316 01:20:46.949"/>
</kw>
<kw name="Sleep" library="BuiltIn">
<arg>3s</arg>
<doc>Pauses the test executed for the given time.</doc>
<msg timestamp="20220316 01:20:49.951" level="INFO">Slept 3 seconds</msg>
<status status="PASS" starttime="20220316 01:20:46.950" endtime="20220316 01:20:49.951"/>
</kw>
<kw name="Maximize Browser Window" library="SeleniumLibrary">
<doc>Maximizes current browser window.</doc>
<status status="PASS" starttime="20220316 01:20:49.951" endtime="20220316 01:20:50.101"/>
</kw>
<kw name="Click Element" library="SeleniumLibrary">
<arg>${close}</arg>
<doc>Click the element identified by ``locator``.</doc>
<msg timestamp="20220316 01:20:50.103" level="INFO">Clicking element 'xpath://button[contains(text(),'Close')]'.</msg>
<status status="PASS" starttime="20220316 01:20:50.102" endtime="20220316 01:20:50.255"/>
</kw>
<kw name="Sleep" library="BuiltIn">
<arg>4s</arg>
<doc>Pauses the test executed for the given time.</doc>
<msg timestamp="20220316 01:20:54.258" level="INFO">Slept 4 seconds</msg>
<status status="PASS" starttime="20220316 01:20:50.255" endtime="20220316 01:20:54.258"/>
</kw>
<kw name="Click Element" library="SeleniumLibrary">
<arg>${login}</arg>
<doc>Click the element identified by ``locator``.</doc>
<msg timestamp="20220316 01:20:54.258" level="INFO">Clicking element 'xpath://a[contains(text(),'Log in')]'.</msg>
<status status="PASS" starttime="20220316 01:20:54.258" endtime="20220316 01:20:54.363"/>
</kw>
<kw name="Sleep" library="BuiltIn">
<arg>4s</arg>
<doc>Pauses the test executed for the given time.</doc>
<msg timestamp="20220316 01:20:58.366" level="INFO">Slept 4 seconds</msg>
<status status="PASS" starttime="20220316 01:20:54.364" endtime="20220316 01:20:58.366"/>
</kw>
<kw name="Input Text" library="SeleniumLibrary">
<arg>${email_path}</arg>
<arg>${email_value}</arg>
<doc>Types the given ``text`` into the text field identified by ``locator``.</doc>
<msg timestamp="20220316 01:20:58.366" level="INFO">Typing text 'indiakarnataka18@gmail.com' into text field 'id:email'.</msg>
<status status="PASS" starttime="20220316 01:20:58.366" endtime="20220316 01:20:58.568"/>
</kw>
<kw name="Input Text" library="SeleniumLibrary">
<arg>${pwd_path}</arg>
<arg>${pwd_value}</arg>
<doc>Types the given ``text`` into the text field identified by ``locator``.</doc>
<msg timestamp="20220316 01:20:58.569" level="INFO">Typing text 'Tom2jerry!' into text field 'id:password'.</msg>
<status status="PASS" starttime="20220316 01:20:58.568" endtime="20220316 01:20:58.767"/>
</kw>
<kw name="Sleep" library="BuiltIn">
<arg>4s</arg>
<doc>Pauses the test executed for the given time.</doc>
<msg timestamp="20220316 01:21:02.768" level="INFO">Slept 4 seconds</msg>
<status status="PASS" starttime="20220316 01:20:58.767" endtime="20220316 01:21:02.768"/>
</kw>
<kw name="Click Button" library="SeleniumLibrary">
<arg>${lognbtn}</arg>
<doc>Clicks the button identified by ``locator``.</doc>
<msg timestamp="20220316 01:21:02.768" level="INFO">Clicking button 'xpath://button[@id='login-btn']'.</msg>
<status status="PASS" starttime="20220316 01:21:02.768" endtime="20220316 01:21:02.862"/>
</kw>
<kw name="Sleep" library="BuiltIn">
<arg>7s</arg>
<doc>Pauses the test executed for the given time.</doc>
<msg timestamp="20220316 01:21:09.863" level="INFO">Slept 7 seconds</msg>
<status status="PASS" starttime="20220316 01:21:02.862" endtime="20220316 01:21:09.864"/>
</kw>
<status status="PASS" starttime="20220316 01:20:42.506" endtime="20220316 01:21:09.864"/>
</kw>
<kw name="When click on US stocks" library="keywords">
<kw name="Sleep" library="BuiltIn">
<arg>5s</arg>
<doc>Pauses the test executed for the given time.</doc>
<msg timestamp="20220316 01:21:14.868" level="INFO">Slept 5 seconds</msg>
<status status="PASS" starttime="20220316 01:21:09.866" endtime="20220316 01:21:14.868"/>
</kw>
<kw name="Click Element" library="SeleniumLibrary">
<arg>${USstock}</arg>
<doc>Click the element identified by ``locator``.</doc>
<msg timestamp="20220316 01:21:14.869" level="INFO">Clicking element 'xpath://span[contains(text(),'US stocks')]'.</msg>
<status status="PASS" starttime="20220316 01:21:14.868" endtime="20220316 01:21:15.015"/>
</kw>
<kw name="Sleep" library="BuiltIn">
<arg>7s</arg>
<doc>Pauses the test executed for the given time.</doc>
<msg timestamp="20220316 01:21:22.016" level="INFO">Slept 7 seconds</msg>
<status status="PASS" starttime="20220316 01:21:15.015" endtime="20220316 01:21:22.016"/>
</kw>
<status status="PASS" starttime="20220316 01:21:09.865" endtime="20220316 01:21:22.016"/>
</kw>
<kw name="And click on watchlistt" library="keywords">
<kw name="Sleep" library="BuiltIn">
<arg>7s</arg>
<doc>Pauses the test executed for the given time.</doc>
<msg timestamp="20220316 01:21:29.022" level="INFO">Slept 7 seconds</msg>
<status status="PASS" starttime="20220316 01:21:22.019" endtime="20220316 01:21:29.022"/>
</kw>
<kw name="Click Element" library="SeleniumLibrary">
<arg>${watchlisticon}</arg>
<doc>Click the element identified by ``locator``.</doc>
<msg timestamp="20220316 01:21:29.023" level="INFO">Clicking element 'class:k-cursor--pointer'.</msg>
<status status="PASS" starttime="20220316 01:21:29.022" endtime="20220316 01:21:29.117"/>
</kw>
<kw name="Sleep" library="BuiltIn">
<arg>7s</arg>
<doc>Pauses the test executed for the given time.</doc>
<msg timestamp="20220316 01:21:36.118" level="INFO">Slept 7 seconds</msg>
<status status="PASS" starttime="20220316 01:21:29.118" endtime="20220316 01:21:36.118"/>
</kw>
<status status="PASS" starttime="20220316 01:21:22.017" endtime="20220316 01:21:36.118"/>
</kw>
<kw name="Close All Browsers" library="SeleniumLibrary">
<doc>Closes all open browsers and resets the browser cache.</doc>
<status status="PASS" starttime="20220316 01:21:36.119" endtime="20220316 01:21:38.347"/>
</kw>
<tag>TC4</tag>
<status status="PASS" starttime="20220316 01:20:42.504" endtime="20220316 01:21:38.348"/>
</test>
<test id="s1-t5" name="Verify that when user clicks on remove from wishlist button the item should be removed from cart.">
<kw name="Given open kuvera and login" library="keywords">
<kw name="Open Browser" library="SeleniumLibrary">
<arg>${kuvera URL}</arg>
<arg>${Browser}</arg>
<doc>Opens a new browser instance to the optional ``url``.</doc>
<msg timestamp="20220316 01:21:38.355" level="INFO">Opening browser 'chrome' to base url 'https://kuvera.in/'.</msg>
<status status="PASS" starttime="20220316 01:21:38.353" endtime="20220316 01:21:42.520"/>
</kw>
<kw name="Sleep" library="BuiltIn">
<arg>3s</arg>
<doc>Pauses the test executed for the given time.</doc>
<msg timestamp="20220316 01:21:45.521" level="INFO">Slept 3 seconds</msg>
<status status="PASS" starttime="20220316 01:21:42.520" endtime="20220316 01:21:45.521"/>
</kw>
<kw name="Maximize Browser Window" library="SeleniumLibrary">
<doc>Maximizes current browser window.</doc>
<status status="PASS" starttime="20220316 01:21:45.521" endtime="20220316 01:21:45.662"/>
</kw>
<kw name="Click Element" library="SeleniumLibrary">
<arg>${close}</arg>
<doc>Click the element identified by ``locator``.</doc>
<msg timestamp="20220316 01:21:45.664" level="INFO">Clicking element 'xpath://button[contains(text(),'Close')]'.</msg>
<status status="PASS" starttime="20220316 01:21:45.662" endtime="20220316 01:21:45.758"/>
</kw>
<kw name="Sleep" library="BuiltIn">
<arg>4s</arg>
<doc>Pauses the test executed for the given time.</doc>
<msg timestamp="20220316 01:21:49.759" level="INFO">Slept 4 seconds</msg>
<status status="PASS" starttime="20220316 01:21:45.758" endtime="20220316 01:21:49.759"/>
</kw>
<kw name="Click Element" library="SeleniumLibrary">
<arg>${login}</arg>
<doc>Click the element identified by ``locator``.</doc>
<msg timestamp="20220316 01:21:49.760" level="INFO">Clicking element 'xpath://a[contains(text(),'Log in')]'.</msg>
<status status="PASS" starttime="20220316 01:21:49.759" endtime="20220316 01:21:49.846"/>
</kw>
<kw name="Sleep" library="BuiltIn">
<arg>4s</arg>
<doc>Pauses the test executed for the given time.</doc>
<msg timestamp="20220316 01:21:53.847" level="INFO">Slept 4 seconds</msg>
<status status="PASS" starttime="20220316 01:21:49.846" endtime="20220316 01:21:53.847"/>
</kw>
<kw name="Input Text" library="SeleniumLibrary">
<arg>${email_path}</arg>
<arg>${email_value}</arg>
<doc>Types the given ``text`` into the text field identified by ``locator``.</doc>
<msg timestamp="20220316 01:21:53.848" level="INFO">Typing text 'indiakarnataka18@gmail.com' into text field 'id:email'.</msg>
<status status="PASS" starttime="20220316 01:21:53.847" endtime="20220316 01:21:54.034"/>
</kw>
<kw name="Input Text" library="SeleniumLibrary">
<arg>${pwd_path}</arg>
<arg>${pwd_value}</arg>
<doc>Types the given ``text`` into the text field identified by ``locator``.</doc>
<msg timestamp="20220316 01:21:54.035" level="INFO">Typing text 'Tom2jerry!' into text field 'id:password'.</msg>
<status status="PASS" starttime="20220316 01:21:54.034" endtime="20220316 01:21:54.187"/>
</kw>
<kw name="Sleep" library="BuiltIn">
<arg>4s</arg>
<doc>Pauses the test executed for the given time.</doc>
<msg timestamp="20220316 01:21:58.189" level="INFO">Slept 4 seconds</msg>
<status status="PASS" starttime="20220316 01:21:54.188" endtime="20220316 01:21:58.189"/>
</kw>
<kw name="Click Button" library="SeleniumLibrary">
<arg>${lognbtn}</arg>
<doc>Clicks the button identified by ``locator``.</doc>
<msg timestamp="20220316 01:21:58.190" level="INFO">Clicking button 'xpath://button[@id='login-btn']'.</msg>
<status status="PASS" starttime="20220316 01:21:58.189" endtime="20220316 01:21:58.317"/>
</kw>
<kw name="Sleep" library="BuiltIn">
<arg>7s</arg>
<doc>Pauses the test executed for the given time.</doc>
<msg timestamp="20220316 01:22:05.320" level="INFO">Slept 7 seconds</msg>
<status status="PASS" starttime="20220316 01:21:58.318" endtime="20220316 01:22:05.320"/>
</kw>
<status status="PASS" starttime="20220316 01:21:38.353" endtime="20220316 01:22:05.320"/>
</kw>
<kw name="When click on US stocks" library="keywords">
<kw name="Sleep" library="BuiltIn">
<arg>5s</arg>
<doc>Pauses the test executed for the given time.</doc>
<msg timestamp="20220316 01:22:10.325" level="INFO">Slept 5 seconds</msg>
<status status="PASS" starttime="20220316 01:22:05.322" endtime="20220316 01:22:10.325"/>
</kw>
<kw name="Click Element" library="SeleniumLibrary">
<arg>${USstock}</arg>
<doc>Click the element identified by ``locator``.</doc>
<msg timestamp="20220316 01:22:10.325" level="INFO">Clicking element 'xpath://span[contains(text(),'US stocks')]'.</msg>
<status status="PASS" starttime="20220316 01:22:10.325" endtime="20220316 01:22:10.463"/>
</kw>
<kw name="Sleep" library="BuiltIn">
<arg>7s</arg>
<doc>Pauses the test executed for the given time.</doc>
<msg timestamp="20220316 01:22:17.465" level="INFO">Slept 7 seconds</msg>
<status status="PASS" starttime="20220316 01:22:10.463" endtime="20220316 01:22:17.465"/>
</kw>
<status status="PASS" starttime="20220316 01:22:05.321" endtime="20220316 01:22:17.465"/>
</kw>
<kw name="And click on watchlist and Go Back" library="keywords">
<kw name="Sleep" library="BuiltIn">
<arg>7s</arg>
<doc>Pauses the test executed for the given time.</doc>
<msg timestamp="20220316 01:22:24.469" level="INFO">Slept 7 seconds</msg>
<status status="PASS" starttime="20220316 01:22:17.467" endtime="20220316 01:22:24.469"/>
</kw>
<kw name="Scroll Element Into View" library="SeleniumLibrary">
<arg>${Scroll_Stock}</arg>
<doc>Scrolls the element identified by ``locator`` into view.</doc>
<status status="PASS" starttime="20220316 01:22:24.469" endtime="20220316 01:22:24.762"/>
</kw>
<kw name="Sleep" library="BuiltIn">
<arg>5s</arg>
<doc>Pauses the test executed for the given time.</doc>
<msg timestamp="20220316 01:22:29.765" level="INFO">Slept 5 seconds</msg>
<status status="PASS" starttime="20220316 01:22:24.762" endtime="20220316 01:22:29.765"/>
</kw>
<kw name="Click Element" library="SeleniumLibrary">
<arg>${click_on_stock}</arg>
<doc>Click the element identified by ``locator``.</doc>
<msg timestamp="20220316 01:22:29.765" level="INFO">Clicking element '//*[contains(text(),'SM Energy Company')]'.</msg>
<status status="PASS" starttime="20220316 01:22:29.765" endtime="20220316 01:22:29.911"/>
</kw>
<kw name="Sleep" library="BuiltIn">
<arg>5s</arg>
<doc>Pauses the test executed for the given time.</doc>
<msg timestamp="20220316 01:22:34.913" level="INFO">Slept 5 seconds</msg>
<status status="PASS" starttime="20220316 01:22:29.912" endtime="20220316 01:22:34.914"/>
</kw>
<kw name="Click Element" library="SeleniumLibrary">
<arg>${watchlisticon}</arg>
<doc>Click the element identified by ``locator``.</doc>
<msg timestamp="20220316 01:22:34.915" level="INFO">Clicking element 'class:k-cursor--pointer'.</msg>
<status status="PASS" starttime="20220316 01:22:34.914" endtime="20220316 01:22:34.999"/>
</kw>
<kw name="Sleep" library="BuiltIn">
<arg>5s</arg>
<doc>Pauses the test executed for the given time.</doc>
<msg timestamp="20220316 01:22:40.000" level="INFO">Slept 5 seconds</msg>
<status status="PASS" starttime="20220316 01:22:34.999" endtime="20220316 01:22:40.000"/>
</kw>
<kw name="Execute Javascript" library="SeleniumLibrary">
<arg>history.back()</arg>
<doc>Executes the given JavaScript code with possible arguments.</doc>
<msg timestamp="20220316 01:22:40.001" level="INFO">Executing JavaScript:
history.back()
Without any arguments.</msg>
<status status="PASS" starttime="20220316 01:22:40.000" endtime="20220316 01:22:40.314"/>
</kw>
<kw name="Sleep" library="BuiltIn">
<arg>5s</arg>
<doc>Pauses the test executed for the given time.</doc>
<msg timestamp="20220316 01:22:45.316" level="INFO">Slept 5 seconds</msg>
<status status="PASS" starttime="20220316 01:22:40.314" endtime="20220316 01:22:45.316"/>
</kw>
<kw name="Execute Javascript" library="SeleniumLibrary">
<arg>history.back()</arg>
<doc>Executes the given JavaScript code with possible arguments.</doc>
<msg timestamp="20220316 01:22:45.317" level="INFO">Executing JavaScript:
history.back()
Without any arguments.</msg>
<status status="PASS" starttime="20220316 01:22:45.316" endtime="20220316 01:22:45.446"/>
</kw>
<kw name="Sleep" library="BuiltIn">
<arg>5s</arg>
<doc>Pauses the test executed for the given time.</doc>
<msg timestamp="20220316 01:22:50.448" level="INFO">Slept 5 seconds</msg>
<status status="PASS" starttime="20220316 01:22:45.447" endtime="20220316 01:22:50.449"/>
</kw>
<status status="PASS" starttime="20220316 01:22:17.466" endtime="20220316 01:22:50.450"/>
</kw>
<kw name="And click on Watchlist and US Stocks" library="keywords">
<kw name="Sleep" library="BuiltIn">
<arg>7s</arg>
<doc>Pauses the test executed for the given time.</doc>
<msg timestamp="20220316 01:22:57.453" level="INFO">Slept 7 seconds</msg>
<status status="PASS" starttime="20220316 01:22:50.453" endtime="20220316 01:22:57.453"/>
</kw>
<kw name="Click Element" library="SeleniumLibrary">
<arg>${watchlist}</arg>
<doc>Click the element identified by ``locator``.</doc>
<msg timestamp="20220316 01:22:57.454" level="INFO">Clicking element 'xpath://span[contains(text(),'Watchlist')]'.</msg>
<status status="PASS" starttime="20220316 01:22:57.453" endtime="20220316 01:22:57.639"/>
</kw>
<kw name="Sleep" library="BuiltIn">
<arg>7s</arg>
<doc>Pauses the test executed for the given time.</doc>
<msg timestamp="20220316 01:23:04.641" level="INFO">Slept 7 seconds</msg>
<status status="PASS" starttime="20220316 01:22:57.639" endtime="20220316 01:23:04.641"/>
</kw>
<kw name="Click Element" library="SeleniumLibrary">
<arg>${US_Stocks}</arg>
<doc>Click the element identified by ``locator``.</doc>
<msg timestamp="20220316 01:23:04.641" level="INFO">Clicking element 'xpath://div[contains(text(),'US Stocks')]'.</msg>
<status status="PASS" starttime="20220316 01:23:04.641" endtime="20220316 01:23:04.712"/>
</kw>
<kw name="Sleep" library="BuiltIn">
<arg>6s</arg>
<doc>Pauses the test executed for the given time.</doc>
<msg timestamp="20220316 01:23:10.714" level="INFO">Slept 6 seconds</msg>
<status status="PASS" starttime="20220316 01:23:04.712" endtime="20220316 01:23:10.714"/>
</kw>
<status status="PASS" starttime="20220316 01:22:50.451" endtime="20220316 01:23:10.714"/>
</kw>
<kw name="Then click on watchlistt" library="keywords">
<kw name="Sleep" library="BuiltIn">
<arg>7s</arg>
<doc>Pauses the test executed for the given time.</doc>
<msg timestamp="20220316 01:23:17.719" level="INFO">Slept 7 seconds</msg>
<status status="PASS" starttime="20220316 01:23:10.718" endtime="20220316 01:23:17.719"/>
</kw>
<kw name="Click Element" library="SeleniumLibrary">
<arg>${watchlisticon}</arg>
<doc>Click the element identified by ``locator``.</doc>
<msg timestamp="20220316 01:23:17.719" level="INFO">Clicking element 'class:k-cursor--pointer'.</msg>
<status status="PASS" starttime="20220316 01:23:17.719" endtime="20220316 01:23:17.792"/>
</kw>
<kw name="Sleep" library="BuiltIn">
<arg>7s</arg>
<doc>Pauses the test executed for the given time.</doc>
<msg timestamp="20220316 01:23:24.792" level="INFO">Slept 7 seconds</msg>
<status status="PASS" starttime="20220316 01:23:17.792" endtime="20220316 01:23:24.792"/>
</kw>
<status status="PASS" starttime="20220316 01:23:10.716" endtime="20220316 01:23:24.792"/>
</kw>
<tag>TC5</tag>
<status status="PASS" starttime="20220316 01:21:38.351" endtime="20220316 01:23:24.793"/>
</test>
<test id="s1-t6" name="Verify that can a user compare a selected stock with other stocks before buying">
<kw name="Given open kuvera and login" library="keywords">
<kw name="Open Browser" library="SeleniumLibrary">
<arg>${kuvera URL}</arg>
<arg>${Browser}</arg>
<doc>Opens a new browser instance to the optional ``url``.</doc>
<msg timestamp="20220316 01:23:24.800" level="INFO">Opening browser 'chrome' to base url 'https://kuvera.in/'.</msg>
<status status="PASS" starttime="20220316 01:23:24.799" endtime="20220316 01:23:28.790"/>
</kw>
<kw name="Sleep" library="BuiltIn">
<arg>3s</arg>
<doc>Pauses the test executed for the given time.</doc>
<msg timestamp="20220316 01:23:31.791" level="INFO">Slept 3 seconds</msg>
<status status="PASS" starttime="20220316 01:23:28.790" endtime="20220316 01:23:31.792"/>
</kw>
<kw name="Maximize Browser Window" library="SeleniumLibrary">
<doc>Maximizes current browser window.</doc>
<status status="PASS" starttime="20220316 01:23:31.792" endtime="20220316 01:23:31.925"/>
</kw>
<kw name="Click Element" library="SeleniumLibrary">
<arg>${close}</arg>
<doc>Click the element identified by ``locator``.</doc>
<msg timestamp="20220316 01:23:31.927" level="INFO">Clicking element 'xpath://button[contains(text(),'Close')]'.</msg>
<status status="PASS" starttime="20220316 01:23:31.926" endtime="20220316 01:23:32.072"/>
</kw>
<kw name="Sleep" library="BuiltIn">
<arg>4s</arg>
<doc>Pauses the test executed for the given time.</doc>
<msg timestamp="20220316 01:23:36.075" level="INFO">Slept 4 seconds</msg>
<status status="PASS" starttime="20220316 01:23:32.073" endtime="20220316 01:23:36.075"/>
</kw>
<kw name="Click Element" library="SeleniumLibrary">
<arg>${login}</arg>
<doc>Click the element identified by ``locator``.</doc>
<msg timestamp="20220316 01:23:36.076" level="INFO">Clicking element 'xpath://a[contains(text(),'Log in')]'.</msg>
<status status="PASS" starttime="20220316 01:23:36.075" endtime="20220316 01:23:36.190"/>
</kw>
<kw name="Sleep" library="BuiltIn">
<arg>4s</arg>
<doc>Pauses the test executed for the given time.</doc>
<msg timestamp="20220316 01:23:40.192" level="INFO">Slept 4 seconds</msg>
<status status="PASS" starttime="20220316 01:23:36.190" endtime="20220316 01:23:40.192"/>
</kw>
<kw name="Input Text" library="SeleniumLibrary">
<arg>${email_path}</arg>
<arg>${email_value}</arg>
<doc>Types the given ``text`` into the text field identified by ``locator``.</doc>
<msg timestamp="20220316 01:23:40.193" level="INFO">Typing text 'indiakarnataka18@gmail.com' into text field 'id:email'.</msg>
<status status="PASS" starttime="20220316 01:23:40.192" endtime="20220316 01:23:40.420"/>
</kw>
<kw name="Input Text" library="SeleniumLibrary">
<arg>${pwd_path}</arg>
<arg>${pwd_value}</arg>
<doc>Types the given ``text`` into the text field identified by ``locator``.</doc>
<msg timestamp="20220316 01:23:40.421" level="INFO">Typing text 'Tom2jerry!' into text field 'id:password'.</msg>
<status status="PASS" starttime="20220316 01:23:40.421" endtime="20220316 01:23:40.604"/>
</kw>
<kw name="Sleep" library="BuiltIn">
<arg>4s</arg>
<doc>Pauses the test executed for the given time.</doc>
<msg timestamp="20220316 01:23:44.608" level="INFO">Slept 4 seconds</msg>
<status status="PASS" starttime="20220316 01:23:40.605" endtime="20220316 01:23:44.608"/>
</kw>
<kw name="Click Button" library="SeleniumLibrary">
<arg>${lognbtn}</arg>
<doc>Clicks the button identified by ``locator``.</doc>
<msg timestamp="20220316 01:23:44.608" level="INFO">Clicking button 'xpath://button[@id='login-btn']'.</msg>
<status status="PASS" starttime="20220316 01:23:44.608" endtime="20220316 01:23:44.721"/>
</kw>
<kw name="Sleep" library="BuiltIn">
<arg>7s</arg>
<doc>Pauses the test executed for the given time.</doc>
<msg timestamp="20220316 01:23:51.723" level="INFO">Slept 7 seconds</msg>
<status status="PASS" starttime="20220316 01:23:44.721" endtime="20220316 01:23:51.723"/>
</kw>
<status status="PASS" starttime="20220316 01:23:24.797" endtime="20220316 01:23:51.723"/>
</kw>
<kw name="When click on US stocks" library="keywords">
<kw name="Sleep" library="BuiltIn">
<arg>5s</arg>
<doc>Pauses the test executed for the given time.</doc>
<msg timestamp="20220316 01:23:56.726" level="INFO">Slept 5 seconds</msg>
<status status="PASS" starttime="20220316 01:23:51.725" endtime="20220316 01:23:56.726"/>
</kw>
<kw name="Click Element" library="SeleniumLibrary">
<arg>${USstock}</arg>
<doc>Click the element identified by ``locator``.</doc>
<msg timestamp="20220316 01:23:56.727" level="INFO">Clicking element 'xpath://span[contains(text(),'US stocks')]'.</msg>
<status status="PASS" starttime="20220316 01:23:56.726" endtime="20220316 01:23:56.862"/>
</kw>
<kw name="Sleep" library="BuiltIn">
<arg>7s</arg>
<doc>Pauses the test executed for the given time.</doc>
<msg timestamp="20220316 01:24:03.864" level="INFO">Slept 7 seconds</msg>
<status status="PASS" starttime="20220316 01:23:56.863" endtime="20220316 01:24:03.864"/>
</kw>
<status status="PASS" starttime="20220316 01:23:51.724" endtime="20220316 01:24:03.864"/>
</kw>
<kw name="And click on stock and compare" library="keywords">
<kw name="Sleep" library="BuiltIn">
<arg>7s</arg>
<doc>Pauses the test executed for the given time.</doc>
<msg timestamp="20220316 01:24:10.866" level="INFO">Slept 7 seconds</msg>
<status status="PASS" starttime="20220316 01:24:03.866" endtime="20220316 01:24:10.866"/>
</kw>
<kw name="Click Element" library="SeleniumLibrary">
<arg>${compare_stock_with}</arg>
<doc>Click the element identified by ``locator``.</doc>
<msg timestamp="20220316 01:24:10.867" level="INFO">Clicking element '//*[contains(text(),'ALPHA METALLURGICAL RESOURCE')]'.</msg>
<status status="PASS" starttime="20220316 01:24:10.866" endtime="20220316 01:24:11.035"/>
</kw>
<kw name="Sleep" library="BuiltIn">
<arg>6s</arg>
<doc>Pauses the test executed for the given time.</doc>
<msg timestamp="20220316 01:24:17.038" level="INFO">Slept 6 seconds</msg>
<status status="PASS" starttime="20220316 01:24:11.036" endtime="20220316 01:24:17.038"/>
</kw>
<kw name="Scroll Element Into View" library="SeleniumLibrary">
<arg>${scroll_till}</arg>
<doc>Scrolls the element identified by ``locator`` into view.</doc>
<status status="PASS" starttime="20220316 01:24:17.038" endtime="20220316 01:24:17.338"/>
</kw>
<kw name="Sleep" library="BuiltIn">
<arg>4s</arg>
<doc>Pauses the test executed for the given time.</doc>
<msg timestamp="20220316 01:24:21.340" level="INFO">Slept 4 seconds</msg>
<status status="PASS" starttime="20220316 01:24:17.338" endtime="20220316 01:24:21.340"/>
</kw>
<kw name="Scroll Element Into View" library="SeleniumLibrary">
<arg>${scroll_till_ele}</arg>
<doc>Scrolls the element identified by ``locator`` into view.</doc>
<status status="PASS" starttime="20220316 01:24:21.340" endtime="20220316 01:24:21.629"/>
</kw>
<kw name="Sleep" library="BuiltIn">
<arg>4s</arg>
<doc>Pauses the test executed for the given time.</doc>
<msg timestamp="20220316 01:24:25.631" level="INFO">Slept 4 seconds</msg>
<status status="PASS" starttime="20220316 01:24:21.630" endtime="20220316 01:24:25.631"/>
</kw>
<kw name="Click Element" library="SeleniumLibrary">
<arg>${click_Add}</arg>
<doc>Click the element identified by ``locator``.</doc>
<msg timestamp="20220316 01:24:25.631" level="INFO">Clicking element 'xpath://div[contains(text(),'Add')]'.</msg>
<status status="PASS" starttime="20220316 01:24:25.631" endtime="20220316 01:24:25.725"/>
</kw>
<kw name="Sleep" library="BuiltIn">
<arg>4s</arg>
<doc>Pauses the test executed for the given time.</doc>
<msg timestamp="20220316 01:24:29.727" level="INFO">Slept 4 seconds</msg>
<status status="PASS" starttime="20220316 01:24:25.726" endtime="20220316 01:24:29.727"/>
</kw>
<kw name="Input Text" library="SeleniumLibrary">
<arg>${search_field}</arg>
<arg>${search_value}</arg>
<doc>Types the given ``text`` into the text field identified by ``locator``.</doc>
<msg timestamp="20220316 01:24:29.728" level="INFO">Typing text 'a' into text field 'class:b-us-stock-search-fund__text-field'.</msg>
<status status="PASS" starttime="20220316 01:24:29.727" endtime="20220316 01:24:29.844"/>
</kw>
<kw name="Sleep" library="BuiltIn">
<arg>4s</arg>
<doc>Pauses the test executed for the given time.</doc>
<msg timestamp="20220316 01:24:33.844" level="INFO">Slept 4 seconds</msg>
<status status="PASS" starttime="20220316 01:24:29.844" endtime="20220316 01:24:33.844"/>
</kw>
<kw name="Click Element" library="SeleniumLibrary">
<arg>${add_stock}</arg>
<doc>Click the element identified by ``locator``.</doc>
<msg timestamp="20220316 01:24:33.844" level="INFO">Clicking element '//*[contains(text(),'Apple, Inc.')]'.</msg>
<status status="PASS" starttime="20220316 01:24:33.844" endtime="20220316 01:24:33.944"/>
</kw>
<kw name="Sleep" library="BuiltIn">
<arg>7s</arg>
<doc>Pauses the test executed for the given time.</doc>
<msg timestamp="20220316 01:24:40.948" level="INFO">Slept 7 seconds</msg>
<status status="PASS" starttime="20220316 01:24:33.946" endtime="20220316 01:24:40.948"/>
</kw>
<status status="PASS" starttime="20220316 01:24:03.865" endtime="20220316 01:24:40.948"/>
</kw>
<kw name="Close All Browsers" library="SeleniumLibrary">
<doc>Closes all open browsers and resets the browser cache.</doc>
<status status="PASS" starttime="20220316 01:24:40.949" endtime="20220316 01:24:45.614"/>
</kw>
<tag>TC6</tag>
<status status="PASS" starttime="20220316 01:23:24.795" endtime="20220316 01:24:45.631"/>
</test>
<test id="s1-t7" name="Verify that after entering search text and clicking on search icon, the search should be performed.">
<kw name="Given open kuvera and login" library="keywords">
<kw name="Open Browser" library="SeleniumLibrary">
<arg>${kuvera URL}</arg>
<arg>${Browser}</arg>
<doc>Opens a new browser instance to the optional ``url``.</doc>
<msg timestamp="20220316 01:24:45.762" level="INFO">Opening browser 'chrome' to base url 'https://kuvera.in/'.</msg>
<status status="PASS" starttime="20220316 01:24:45.757" endtime="20220316 01:24:49.924"/>
</kw>
<kw name="Sleep" library="BuiltIn">
<arg>3s</arg>
<doc>Pauses the test executed for the given time.</doc>
<msg timestamp="20220316 01:24:52.926" level="INFO">Slept 3 seconds</msg>
<status status="PASS" starttime="20220316 01:24:49.924" endtime="20220316 01:24:52.926"/>
</kw>
<kw name="Maximize Browser Window" library="SeleniumLibrary">
<doc>Maximizes current browser window.</doc>
<status status="PASS" starttime="20220316 01:24:52.926" endtime="20220316 01:24:53.059"/>
</kw>
<kw name="Click Element" library="SeleniumLibrary">
<arg>${close}</arg>
<doc>Click the element identified by ``locator``.</doc>
<msg timestamp="20220316 01:24:53.060" level="INFO">Clicking element 'xpath://button[contains(text(),'Close')]'.</msg>
<status status="PASS" starttime="20220316 01:24:53.059" endtime="20220316 01:24:53.198"/>
</kw>
<kw name="Sleep" library="BuiltIn">
<arg>4s</arg>
<doc>Pauses the test executed for the given time.</doc>
<msg timestamp="20220316 01:24:57.200" level="INFO">Slept 4 seconds</msg>
<status status="PASS" starttime="20220316 01:24:53.198" endtime="20220316 01:24:57.200"/>
</kw>
<kw name="Click Element" library="SeleniumLibrary">
<arg>${login}</arg>
<doc>Click the element identified by ``locator``.</doc>
<msg timestamp="20220316 01:24:57.201" level="INFO">Clicking element 'xpath://a[contains(text(),'Log in')]'.</msg>
<status status="PASS" starttime="20220316 01:24:57.200" endtime="20220316 01:24:57.320"/>
</kw>
<kw name="Sleep" library="BuiltIn">
<arg>4s</arg>
<doc>Pauses the test executed for the given time.</doc>
<msg timestamp="20220316 01:25:01.323" level="INFO">Slept 4 seconds</msg>
<status status="PASS" starttime="20220316 01:24:57.321" endtime="20220316 01:25:01.323"/>
</kw>
<kw name="Input Text" library="SeleniumLibrary">
<arg>${email_path}</arg>
<arg>${email_value}</arg>
<doc>Types the given ``text`` into the text field identified by ``locator``.</doc>
<msg timestamp="20220316 01:25:01.326" level="INFO">Typing text 'indiakarnataka18@gmail.com' into text field 'id:email'.</msg>
<status status="PASS" starttime="20220316 01:25:01.324" endtime="20220316 01:25:01.543"/>
</kw>
<kw name="Input Text" library="SeleniumLibrary">
<arg>${pwd_path}</arg>
<arg>${pwd_value}</arg>
<doc>Types the given ``text`` into the text field identified by ``locator``.</doc>
<msg timestamp="20220316 01:25:01.544" level="INFO">Typing text 'Tom2jerry!' into text field 'id:password'.</msg>
<status status="PASS" starttime="20220316 01:25:01.543" endtime="20220316 01:25:01.716"/>
</kw>
<kw name="Sleep" library="BuiltIn">
<arg>4s</arg>
<doc>Pauses the test executed for the given time.</doc>
<msg timestamp="20220316 01:25:05.717" level="INFO">Slept 4 seconds</msg>
<status status="PASS" starttime="20220316 01:25:01.716" endtime="20220316 01:25:05.717"/>
</kw>
<kw name="Click Button" library="SeleniumLibrary">
<arg>${lognbtn}</arg>
<doc>Clicks the button identified by ``locator``.</doc>
<msg timestamp="20220316 01:25:05.718" level="INFO">Clicking button 'xpath://button[@id='login-btn']'.</msg>
<status status="PASS" starttime="20220316 01:25:05.717" endtime="20220316 01:25:05.812"/>
</kw>
<kw name="Sleep" library="BuiltIn">
<arg>7s</arg>
<doc>Pauses the test executed for the given time.</doc>
<msg timestamp="20220316 01:25:12.814" level="INFO">Slept 7 seconds</msg>
<status status="PASS" starttime="20220316 01:25:05.813" endtime="20220316 01:25:12.814"/>
</kw>
<status status="PASS" starttime="20220316 01:24:45.756" endtime="20220316 01:25:12.814"/>
</kw>
<kw name="When click on US stocks" library="keywords">
<kw name="Sleep" library="BuiltIn">
<arg>5s</arg>
<doc>Pauses the test executed for the given time.</doc>
<msg timestamp="20220316 01:25:17.819" level="INFO">Slept 5 seconds</msg>
<status status="PASS" starttime="20220316 01:25:12.816" endtime="20220316 01:25:17.819"/>
</kw>
<kw name="Click Element" library="SeleniumLibrary">
<arg>${USstock}</arg>
<doc>Click the element identified by ``locator``.</doc>
<msg timestamp="20220316 01:25:17.822" level="INFO">Clicking element 'xpath://span[contains(text(),'US stocks')]'.</msg>
<status status="PASS" starttime="20220316 01:25:17.820" endtime="20220316 01:25:17.900"/>
</kw>
<kw name="Sleep" library="BuiltIn">
<arg>7s</arg>
<doc>Pauses the test executed for the given time.</doc>
<msg timestamp="20220316 01:25:24.901" level="INFO">Slept 7 seconds</msg>
<status status="PASS" starttime="20220316 01:25:17.900" endtime="20220316 01:25:24.901"/>
</kw>
<status status="PASS" starttime="20220316 01:25:12.816" endtime="20220316 01:25:24.901"/>
</kw>
<kw name="And click on searchbar" library="keywords">
<kw name="Sleep" library="BuiltIn">
<arg>7s</arg>
<doc>Pauses the test executed for the given time.</doc>
<msg timestamp="20220316 01:25:31.905" level="INFO">Slept 7 seconds</msg>
<status status="PASS" starttime="20220316 01:25:24.903" endtime="20220316 01:25:31.905"/>
</kw>
<kw name="Input Text" library="SeleniumLibrary">
<arg>${search_bar}</arg>
<arg>${searchfor}</arg>
<doc>Types the given ``text`` into the text field identified by ``locator``.</doc>
<msg timestamp="20220316 01:25:31.907" level="INFO">Typing text 'GreenSky, Inc.' into text field 'class:b-action-bar__search__item__text-field'.</msg>
<status status="PASS" starttime="20220316 01:25:31.905" endtime="20220316 01:25:32.085"/>
</kw>
<kw name="Sleep" library="BuiltIn">
<arg>4s</arg>
<doc>Pauses the test executed for the given time.</doc>
<msg timestamp="20220316 01:25:36.087" level="INFO">Slept 4 seconds</msg>
<status status="PASS" starttime="20220316 01:25:32.085" endtime="20220316 01:25:36.087"/>
</kw>
<status status="PASS" starttime="20220316 01:25:24.902" endtime="20220316 01:25:36.087"/>
</kw>
<kw name="Close All Browsers" library="SeleniumLibrary">
<doc>Closes all open browsers and resets the browser cache.</doc>
<status status="PASS" starttime="20220316 01:25:36.088" endtime="20220316 01:25:38.384"/>
</kw>
<tag>TC7</tag>
<status status="PASS" starttime="20220316 01:24:45.754" endtime="20220316 01:25:38.384"/>
</test>
<test id="s1-t8" name="Verify that filter should be present for filtering the search based on Sector and Industry.">
<kw name="Given open kuvera and login" library="keywords">
<kw name="Open Browser" library="SeleniumLibrary">
<arg>${kuvera URL}</arg>
<arg>${Browser}</arg>
<doc>Opens a new browser instance to the optional ``url``.</doc>
<msg timestamp="20220316 01:25:38.389" level="INFO">Opening browser 'chrome' to base url 'https://kuvera.in/'.</msg>
<status status="PASS" starttime="20220316 01:25:38.389" endtime="20220316 01:25:42.492"/>
</kw>
<kw name="Sleep" library="BuiltIn">
<arg>3s</arg>
<doc>Pauses the test executed for the given time.</doc>
<msg timestamp="20220316 01:25:45.493" level="INFO">Slept 3 seconds</msg>
<status status="PASS" starttime="20220316 01:25:42.492" endtime="20220316 01:25:45.493"/>
</kw>
<kw name="Maximize Browser Window" library="SeleniumLibrary">
<doc>Maximizes current browser window.</doc>
<status status="PASS" starttime="20220316 01:25:45.494" endtime="20220316 01:25:45.647"/>
</kw>
<kw name="Click Element" library="SeleniumLibrary">
<arg>${close}</arg>
<doc>Click the element identified by ``locator``.</doc>
<msg timestamp="20220316 01:25:45.649" level="INFO">Clicking element 'xpath://button[contains(text(),'Close')]'.</msg>
<status status="PASS" starttime="20220316 01:25:45.648" endtime="20220316 01:25:45.836"/>
</kw>
<kw name="Sleep" library="BuiltIn">
<arg>4s</arg>
<doc>Pauses the test executed for the given time.</doc>
<msg timestamp="20220316 01:25:49.838" level="INFO">Slept 4 seconds</msg>
<status status="PASS" starttime="20220316 01:25:45.836" endtime="20220316 01:25:49.838"/>
</kw>
<kw name="Click Element" library="SeleniumLibrary">
<arg>${login}</arg>
<doc>Click the element identified by ``locator``.</doc>
<msg timestamp="20220316 01:25:49.839" level="INFO">Clicking element 'xpath://a[contains(text(),'Log in')]'.</msg>
<status status="PASS" starttime="20220316 01:25:49.839" endtime="20220316 01:25:49.941"/>
</kw>
<kw name="Sleep" library="BuiltIn">
<arg>4s</arg>
<doc>Pauses the test executed for the given time.</doc>
<msg timestamp="20220316 01:25:53.943" level="INFO">Slept 4 seconds</msg>
<status status="PASS" starttime="20220316 01:25:49.941" endtime="20220316 01:25:53.943"/>
</kw>
<kw name="Input Text" library="SeleniumLibrary">
<arg>${email_path}</arg>
<arg>${email_value}</arg>
<doc>Types the given ``text`` into the text field identified by ``locator``.</doc>
<msg timestamp="20220316 01:25:53.943" level="INFO">Typing text 'indiakarnataka18@gmail.com' into text field 'id:email'.</msg>
<status status="PASS" starttime="20220316 01:25:53.943" endtime="20220316 01:25:54.175"/>
</kw>
<kw name="Input Text" library="SeleniumLibrary">
<arg>${pwd_path}</arg>
<arg>${pwd_value}</arg>
<doc>Types the given ``text`` into the text field identified by ``locator``.</doc>
<msg timestamp="20220316 01:25:54.176" level="INFO">Typing text 'Tom2jerry!' into text field 'id:password'.</msg>
<status status="PASS" starttime="20220316 01:25:54.175" endtime="20220316 01:25:54.328"/>
</kw>
<kw name="Sleep" library="BuiltIn">
<arg>4s</arg>
<doc>Pauses the test executed for the given time.</doc>
<msg timestamp="20220316 01:25:58.331" level="INFO">Slept 4 seconds</msg>
<status status="PASS" starttime="20220316 01:25:54.328" endtime="20220316 01:25:58.331"/>
</kw>
<kw name="Click Button" library="SeleniumLibrary">
<arg>${lognbtn}</arg>
<doc>Clicks the button identified by ``locator``.</doc>
<msg timestamp="20220316 01:25:58.332" level="INFO">Clicking button 'xpath://button[@id='login-btn']'.</msg>
<status status="PASS" starttime="20220316 01:25:58.331" endtime="20220316 01:25:58.444"/>
</kw>
<kw name="Sleep" library="BuiltIn">
<arg>7s</arg>
<doc>Pauses the test executed for the given time.</doc>
<msg timestamp="20220316 01:26:05.446" level="INFO">Slept 7 seconds</msg>
<status status="PASS" starttime="20220316 01:25:58.444" endtime="20220316 01:26:05.446"/>
</kw>
<status status="PASS" starttime="20220316 01:25:38.388" endtime="20220316 01:26:05.446"/>
</kw>
<kw name="When click on US stocks" library="keywords">
<kw name="Sleep" library="BuiltIn">
<arg>5s</arg>
<doc>Pauses the test executed for the given time.</doc>
<msg timestamp="20220316 01:26:10.450" level="INFO">Slept 5 seconds</msg>
<status status="PASS" starttime="20220316 01:26:05.448" endtime="20220316 01:26:10.450"/>
</kw>
<kw name="Click Element" library="SeleniumLibrary">
<arg>${USstock}</arg>
<doc>Click the element identified by ``locator``.</doc>
<msg timestamp="20220316 01:26:10.452" level="INFO">Clicking element 'xpath://span[contains(text(),'US stocks')]'.</msg>
<status status="PASS" starttime="20220316 01:26:10.450" endtime="20220316 01:26:10.531"/>
</kw>
<kw name="Sleep" library="BuiltIn">
<arg>7s</arg>
<doc>Pauses the test executed for the given time.</doc>
<msg timestamp="20220316 01:26:17.533" level="INFO">Slept 7 seconds</msg>
<status status="PASS" starttime="20220316 01:26:10.531" endtime="20220316 01:26:17.533"/>
</kw>
<status status="PASS" starttime="20220316 01:26:05.447" endtime="20220316 01:26:17.533"/>
</kw>
<kw name="And click on filter" library="keywords">
<kw name="Sleep" library="BuiltIn">
<arg>7s</arg>
<doc>Pauses the test executed for the given time.</doc>
<msg timestamp="20220316 01:26:24.534" level="INFO">Slept 7 seconds</msg>
<status status="PASS" starttime="20220316 01:26:17.534" endtime="20220316 01:26:24.534"/>
</kw>
<kw name="Click Element" library="SeleniumLibrary">
<arg>${click_sector}</arg>
<doc>Click the element identified by ``locator``.</doc>
<msg timestamp="20220316 01:26:24.534" level="INFO">Clicking element 'xpath://div[contains(text(),'Sector')]'.</msg>
<status status="PASS" starttime="20220316 01:26:24.534" endtime="20220316 01:26:24.701"/>
</kw>
<kw name="Sleep" library="BuiltIn">
<arg>4s</arg>
<doc>Pauses the test executed for the given time.</doc>
<msg timestamp="20220316 01:26:28.703" level="INFO">Slept 4 seconds</msg>
<status status="PASS" starttime="20220316 01:26:24.702" endtime="20220316 01:26:28.703"/>
</kw>
<kw name="Click Element" library="SeleniumLibrary">
<arg>${click_Techno}</arg>
<doc>Click the element identified by ``locator``.</doc>
<msg timestamp="20220316 01:26:28.703" level="INFO">Clicking element 'xpath://div[contains(text(),'Technology')]'.</msg>
<status status="PASS" starttime="20220316 01:26:28.703" endtime="20220316 01:26:28.846"/>
</kw>
<kw name="Sleep" library="BuiltIn">
<arg>4s</arg>
<doc>Pauses the test executed for the given time.</doc>
<msg timestamp="20220316 01:26:32.847" level="INFO">Slept 4 seconds</msg>
<status status="PASS" starttime="20220316 01:26:28.846" endtime="20220316 01:26:32.847"/>
</kw>
<kw name="Click Element" library="SeleniumLibrary">
<arg>${click_industry}</arg>
<doc>Click the element identified by ``locator``.</doc>
<msg timestamp="20220316 01:26:32.847" level="INFO">Clicking element 'xpath://div[contains(text(),'Industry')]'.</msg>
<status status="PASS" starttime="20220316 01:26:32.847" endtime="20220316 01:26:32.957"/>
</kw>
<kw name="Sleep" library="BuiltIn">
<arg>4s</arg>
<doc>Pauses the test executed for the given time.</doc>
<msg timestamp="20220316 01:26:36.958" level="INFO">Slept 4 seconds</msg>
<status status="PASS" starttime="20220316 01:26:32.957" endtime="20220316 01:26:36.958"/>
</kw>
<kw name="Click Element" library="SeleniumLibrary">
<arg>${select_industry}</arg>
<doc>Click the element identified by ``locator``.</doc>
<msg timestamp="20220316 01:26:36.959" level="INFO">Clicking element 'xpath://*[contains(text(),'Information technology services')]'.</msg>
<status status="PASS" starttime="20220316 01:26:36.959" endtime="20220316 01:26:37.100"/>
</kw>
<kw name="Sleep" library="BuiltIn">
<arg>6s</arg>
<doc>Pauses the test executed for the given time.</doc>
<msg timestamp="20220316 01:26:43.103" level="INFO">Slept 6 seconds</msg>
<status status="PASS" starttime="20220316 01:26:37.101" endtime="20220316 01:26:43.103"/>
</kw>
<status status="PASS" starttime="20220316 01:26:17.533" endtime="20220316 01:26:43.103"/>
</kw>
<kw name="Close All Browsers" library="SeleniumLibrary">
<doc>Closes all open browsers and resets the browser cache.</doc>
<status status="PASS" starttime="20220316 01:26:43.104" endtime="20220316 01:26:45.418"/>
</kw>
<tag>TC8</tag>
<status status="PASS" starttime="20220316 01:25:38.387" endtime="20220316 01:26:45.419"/>
</test>
<test id="s1-t9" name="To verify whether the clear all option is clickable">
<kw name="Given open kuvera and login" library="keywords">
<kw name="Open Browser" library="SeleniumLibrary">
<arg>${kuvera URL}</arg>
<arg>${Browser}</arg>
<doc>Opens a new browser instance to the optional ``url``.</doc>
<msg timestamp="20220316 01:26:45.423" level="INFO">Opening browser 'chrome' to base url 'https://kuvera.in/'.</msg>
<status status="PASS" starttime="20220316 01:26:45.423" endtime="20220316 01:26:49.468"/>
</kw>
<kw name="Sleep" library="BuiltIn">
<arg>3s</arg>
<doc>Pauses the test executed for the given time.</doc>
<msg timestamp="20220316 01:26:52.469" level="INFO">Slept 3 seconds</msg>
<status status="PASS" starttime="20220316 01:26:49.468" endtime="20220316 01:26:52.469"/>
</kw>
<kw name="Maximize Browser Window" library="SeleniumLibrary">
<doc>Maximizes current browser window.</doc>
<status status="PASS" starttime="20220316 01:26:52.469" endtime="20220316 01:26:52.621"/>
</kw>
<kw name="Click Element" library="SeleniumLibrary">
<arg>${close}</arg>
<doc>Click the element identified by ``locator``.</doc>
<msg timestamp="20220316 01:26:52.622" level="INFO">Clicking element 'xpath://button[contains(text(),'Close')]'.</msg>
<status status="PASS" starttime="20220316 01:26:52.621" endtime="20220316 01:26:52.758"/>
</kw>
<kw name="Sleep" library="BuiltIn">
<arg>4s</arg>
<doc>Pauses the test executed for the given time.</doc>
<msg timestamp="20220316 01:26:56.761" level="INFO">Slept 4 seconds</msg>
<status status="PASS" starttime="20220316 01:26:52.758" endtime="20220316 01:26:56.761"/>
</kw>
<kw name="Click Element" library="SeleniumLibrary">
<arg>${login}</arg>
<doc>Click the element identified by ``locator``.</doc>
<msg timestamp="20220316 01:26:56.762" level="INFO">Clicking element 'xpath://a[contains(text(),'Log in')]'.</msg>
<status status="PASS" starttime="20220316 01:26:56.761" endtime="20220316 01:26:56.863"/>
</kw>
<kw name="Sleep" library="BuiltIn">
<arg>4s</arg>
<doc>Pauses the test executed for the given time.</doc>
<msg timestamp="20220316 01:27:00.865" level="INFO">Slept 4 seconds</msg>
<status status="PASS" starttime="20220316 01:26:56.864" endtime="20220316 01:27:00.865"/>
</kw>
<kw name="Input Text" library="SeleniumLibrary">
<arg>${email_path}</arg>
<arg>${email_value}</arg>
<doc>Types the given ``text`` into the text field identified by ``locator``.</doc>
<msg timestamp="20220316 01:27:00.865" level="INFO">Typing text 'indiakarnataka18@gmail.com' into text field 'id:email'.</msg>
<status status="PASS" starttime="20220316 01:27:00.865" endtime="20220316 01:27:01.011"/>
</kw>
<kw name="Input Text" library="SeleniumLibrary">
<arg>${pwd_path}</arg>
<arg>${pwd_value}</arg>
<doc>Types the given ``text`` into the text field identified by ``locator``.</doc>
<msg timestamp="20220316 01:27:01.011" level="INFO">Typing text 'Tom2jerry!' into text field 'id:password'.</msg>
<status status="PASS" starttime="20220316 01:27:01.011" endtime="20220316 01:27:01.146"/>
</kw>
<kw name="Sleep" library="BuiltIn">
<arg>4s</arg>
<doc>Pauses the test executed for the given time.</doc>
<msg timestamp="20220316 01:27:05.148" level="INFO">Slept 4 seconds</msg>
<status status="PASS" starttime="20220316 01:27:01.146" endtime="20220316 01:27:05.148"/>
</kw>
<kw name="Click Button" library="SeleniumLibrary">
<arg>${lognbtn}</arg>
<doc>Clicks the button identified by ``locator``.</doc>
<msg timestamp="20220316 01:27:05.149" level="INFO">Clicking button 'xpath://button[@id='login-btn']'.</msg>
<status status="PASS" starttime="20220316 01:27:05.148" endtime="20220316 01:27:05.241"/>
</kw>
<kw name="Sleep" library="BuiltIn">
<arg>7s</arg>
<doc>Pauses the test executed for the given time.</doc>
<msg timestamp="20220316 01:27:12.243" level="INFO">Slept 7 seconds</msg>
<status status="PASS" starttime="20220316 01:27:05.241" endtime="20220316 01:27:12.243"/>
</kw>
<status status="PASS" starttime="20220316 01:26:45.423" endtime="20220316 01:27:12.243"/>
</kw>
<kw name="When click on US stocks" library="keywords">
<kw name="Sleep" library="BuiltIn">
<arg>5s</arg>
<doc>Pauses the test executed for the given time.</doc>
<msg timestamp="20220316 01:27:17.246" level="INFO">Slept 5 seconds</msg>
<status status="PASS" starttime="20220316 01:27:12.245" endtime="20220316 01:27:17.246"/>
</kw>
<kw name="Click Element" library="SeleniumLibrary">
<arg>${USstock}</arg>
<doc>Click the element identified by ``locator``.</doc>
<msg timestamp="20220316 01:27:17.247" level="INFO">Clicking element 'xpath://span[contains(text(),'US stocks')]'.</msg>
<status status="PASS" starttime="20220316 01:27:17.246" endtime="20220316 01:27:17.325"/>
</kw>
<kw name="Sleep" library="BuiltIn">
<arg>7s</arg>
<doc>Pauses the test executed for the given time.</doc>
<msg timestamp="20220316 01:27:24.326" level="INFO">Slept 7 seconds</msg>
<status status="PASS" starttime="20220316 01:27:17.325" endtime="20220316 01:27:24.326"/>
</kw>
<status status="PASS" starttime="20220316 01:27:12.244" endtime="20220316 01:27:24.327"/>
</kw>
<kw name="And click on filter" library="keywords">
<kw name="Sleep" library="BuiltIn">
<arg>7s</arg>
<doc>Pauses the test executed for the given time.</doc>
<msg timestamp="20220316 01:27:31.330" level="INFO">Slept 7 seconds</msg>
<status status="PASS" starttime="20220316 01:27:24.329" endtime="20220316 01:27:31.330"/>
</kw>
<kw name="Click Element" library="SeleniumLibrary">
<arg>${click_sector}</arg>
<doc>Click the element identified by ``locator``.</doc>
<msg timestamp="20220316 01:27:31.331" level="INFO">Clicking element 'xpath://div[contains(text(),'Sector')]'.</msg>
<status status="PASS" starttime="20220316 01:27:31.330" endtime="20220316 01:27:31.429"/>
</kw>
<kw name="Sleep" library="BuiltIn">
<arg>4s</arg>
<doc>Pauses the test executed for the given time.</doc>
<msg timestamp="20220316 01:27:35.429" level="INFO">Slept 4 seconds</msg>
<status status="PASS" starttime="20220316 01:27:31.429" endtime="20220316 01:27:35.429"/>
</kw>
<kw name="Click Element" library="SeleniumLibrary">
<arg>${click_Techno}</arg>
<doc>Click the element identified by ``locator``.</doc>
<msg timestamp="20220316 01:27:35.429" level="INFO">Clicking element 'xpath://div[contains(text(),'Technology')]'.</msg>
<status status="PASS" starttime="20220316 01:27:35.429" endtime="20220316 01:27:35.562"/>
</kw>
<kw name="Sleep" library="BuiltIn">
<arg>4s</arg>
<doc>Pauses the test executed for the given time.</doc>
<msg timestamp="20220316 01:27:39.564" level="INFO">Slept 4 seconds</msg>
<status status="PASS" starttime="20220316 01:27:35.562" endtime="20220316 01:27:39.564"/>
</kw>
<kw name="Click Element" library="SeleniumLibrary">
<arg>${click_industry}</arg>
<doc>Click the element identified by ``locator``.</doc>
<msg timestamp="20220316 01:27:39.565" level="INFO">Clicking element 'xpath://div[contains(text(),'Industry')]'.</msg>
<status status="PASS" starttime="20220316 01:27:39.565" endtime="20220316 01:27:39.673"/>
</kw>
<kw name="Sleep" library="BuiltIn">
<arg>4s</arg>
<doc>Pauses the test executed for the given time.</doc>
<msg timestamp="20220316 01:27:43.674" level="INFO">Slept 4 seconds</msg>
<status status="PASS" starttime="20220316 01:27:39.674" endtime="20220316 01:27:43.674"/>
</kw>
<kw name="Click Element" library="SeleniumLibrary">
<arg>${select_industry}</arg>
<doc>Click the element identified by ``locator``.</doc>
<msg timestamp="20220316 01:27:43.675" level="INFO">Clicking element 'xpath://*[contains(text(),'Information technology services')]'.</msg>
<status status="PASS" starttime="20220316 01:27:43.674" endtime="20220316 01:27:43.819"/>
</kw>
<kw name="Sleep" library="BuiltIn">
<arg>6s</arg>
<doc>Pauses the test executed for the given time.</doc>
<msg timestamp="20220316 01:27:49.821" level="INFO">Slept 6 seconds</msg>
<status status="PASS" starttime="20220316 01:27:43.820" endtime="20220316 01:27:49.821"/>
</kw>
<status status="PASS" starttime="20220316 01:27:24.327" endtime="20220316 01:27:49.821"/>
</kw>
<kw name="And click on clear all" library="keywords">
<kw name="Click Element" library="SeleniumLibrary">
<arg>${clearall}</arg>
<doc>Click the element identified by ``locator``.</doc>
<msg timestamp="20220316 01:27:49.823" level="INFO">Clicking element 'xpath://div[contains(text(),'Clear All')]'.</msg>
<status status="PASS" starttime="20220316 01:27:49.823" endtime="20220316 01:27:49.941"/>
</kw>
<kw name="Sleep" library="BuiltIn">
<arg>8s</arg>
<doc>Pauses the test executed for the given time.</doc>
<msg timestamp="20220316 01:27:57.944" level="INFO">Slept 8 seconds</msg>
<status status="PASS" starttime="20220316 01:27:49.941" endtime="20220316 01:27:57.944"/>
</kw>
<status status="PASS" starttime="20220316 01:27:49.822" endtime="20220316 01:27:57.944"/>
</kw>
<kw name="Close All Browsers" library="SeleniumLibrary">
<doc>Closes all open browsers and resets the browser cache.</doc>
<status status="PASS" starttime="20220316 01:27:57.947" endtime="20220316 01:28:00.271"/>
</kw>
<tag>TC9</tag>
<status status="PASS" starttime="20220316 01:26:45.422" endtime="20220316 01:28:00.272"/>
</test>
<test id="s1-t10" name="Verify that does the US Stocks page offer sort as per the Market Cap?">
<kw name="Given open kuvera and login" library="keywords">
<kw name="Open Browser" library="SeleniumLibrary">
<arg>${kuvera URL}</arg>
<arg>${Browser}</arg>
<doc>Opens a new browser instance to the optional ``url``.</doc>
<msg timestamp="20220316 01:28:00.279" level="INFO">Opening browser 'chrome' to base url 'https://kuvera.in/'.</msg>
<status status="PASS" starttime="20220316 01:28:00.278" endtime="20220316 01:28:04.417"/>
</kw>
<kw name="Sleep" library="BuiltIn">
<arg>3s</arg>
<doc>Pauses the test executed for the given time.</doc>
<msg timestamp="20220316 01:28:07.419" level="INFO">Slept 3 seconds</msg>
<status status="PASS" starttime="20220316 01:28:04.418" endtime="20220316 01:28:07.419"/>
</kw>
<kw name="Maximize Browser Window" library="SeleniumLibrary">
<doc>Maximizes current browser window.</doc>
<status status="PASS" starttime="20220316 01:28:07.420" endtime="20220316 01:28:07.585"/>
</kw>
<kw name="Click Element" library="SeleniumLibrary">
<arg>${close}</arg>
<doc>Click the element identified by ``locator``.</doc>
<msg timestamp="20220316 01:28:07.588" level="INFO">Clicking element 'xpath://button[contains(text(),'Close')]'.</msg>
<status status="PASS" starttime="20220316 01:28:07.586" endtime="20220316 01:28:07.729"/>
</kw>
<kw name="Sleep" library="BuiltIn">
<arg>4s</arg>
<doc>Pauses the test executed for the given time.</doc>
<msg timestamp="20220316 01:28:11.730" level="INFO">Slept 4 seconds</msg>
<status status="PASS" starttime="20220316 01:28:07.729" endtime="20220316 01:28:11.730"/>
</kw>
<kw name="Click Element" library="SeleniumLibrary">
<arg>${login}</arg>
<doc>Click the element identified by ``locator``.</doc>
<msg timestamp="20220316 01:28:11.731" level="INFO">Clicking element 'xpath://a[contains(text(),'Log in')]'.</msg>
<status status="PASS" starttime="20220316 01:28:11.730" endtime="20220316 01:28:11.928"/>
</kw>
<kw name="Sleep" library="BuiltIn">
<arg>4s</arg>
<doc>Pauses the test executed for the given time.</doc>
<msg timestamp="20220316 01:28:15.931" level="INFO">Slept 4 seconds</msg>
<status status="PASS" starttime="20220316 01:28:11.929" endtime="20220316 01:28:15.931"/>
</kw>
<kw name="Input Text" library="SeleniumLibrary">
<arg>${email_path}</arg>
<arg>${email_value}</arg>
<doc>Types the given ``text`` into the text field identified by ``locator``.</doc>
<msg timestamp="20220316 01:28:15.932" level="INFO">Typing text 'indiakarnataka18@gmail.com' into text field 'id:email'.</msg>
<status status="PASS" starttime="20220316 01:28:15.931" endtime="20220316 01:28:16.127"/>
</kw>
<kw name="Input Text" library="SeleniumLibrary">
<arg>${pwd_path}</arg>
<arg>${pwd_value}</arg>
<doc>Types the given ``text`` into the text field identified by ``locator``.</doc>
<msg timestamp="20220316 01:28:16.128" level="INFO">Typing text 'Tom2jerry!' into text field 'id:password'.</msg>
<status status="PASS" starttime="20220316 01:28:16.127" endtime="20220316 01:28:16.348"/>
</kw>
<kw name="Sleep" library="BuiltIn">
<arg>4s</arg>
<doc>Pauses the test executed for the given time.</doc>
<msg timestamp="20220316 01:28:20.350" level="INFO">Slept 4 seconds</msg>
<status status="PASS" starttime="20220316 01:28:16.348" endtime="20220316 01:28:20.350"/>
</kw>
<kw name="Click Button" library="SeleniumLibrary">
<arg>${lognbtn}</arg>
<doc>Clicks the button identified by ``locator``.</doc>
<msg timestamp="20220316 01:28:20.351" level="INFO">Clicking button 'xpath://button[@id='login-btn']'.</msg>
<status status="PASS" starttime="20220316 01:28:20.350" endtime="20220316 01:28:20.479"/>
</kw>
<kw name="Sleep" library="BuiltIn">
<arg>7s</arg>
<doc>Pauses the test executed for the given time.</doc>
<msg timestamp="20220316 01:28:27.482" level="INFO">Slept 7 seconds</msg>
<status status="PASS" starttime="20220316 01:28:20.481" endtime="20220316 01:28:27.482"/>
</kw>
<status status="PASS" starttime="20220316 01:28:00.277" endtime="20220316 01:28:27.482"/>
</kw>
<kw name="When click on US stocks" library="keywords">
<kw name="Sleep" library="BuiltIn">
<arg>5s</arg>
<doc>Pauses the test executed for the given time.</doc>
<msg timestamp="20220316 01:28:32.486" level="INFO">Slept 5 seconds</msg>
<status status="PASS" starttime="20220316 01:28:27.485" endtime="20220316 01:28:32.486"/>
</kw>
<kw name="Click Element" library="SeleniumLibrary">
<arg>${USstock}</arg>
<doc>Click the element identified by ``locator``.</doc>
<msg timestamp="20220316 01:28:32.487" level="INFO">Clicking element 'xpath://span[contains(text(),'US stocks')]'.</msg>
<status status="PASS" starttime="20220316 01:28:32.486" endtime="20220316 01:28:32.578"/>
</kw>
<kw name="Sleep" library="BuiltIn">
<arg>7s</arg>
<doc>Pauses the test executed for the given time.</doc>
<msg timestamp="20220316 01:28:39.583" level="INFO">Slept 7 seconds</msg>
<status status="PASS" starttime="20220316 01:28:32.578" endtime="20220316 01:28:39.583"/>
</kw>
<status status="PASS" starttime="20220316 01:28:27.484" endtime="20220316 01:28:39.583"/>
</kw>
<kw name="And click on sort" library="keywords">
<kw name="Sleep" library="BuiltIn">
<arg>7s</arg>
<doc>Pauses the test executed for the given time.</doc>
<msg timestamp="20220316 01:28:46.587" level="INFO">Slept 7 seconds</msg>
<status status="PASS" starttime="20220316 01:28:39.585" endtime="20220316 01:28:46.587"/>
</kw>
<kw name="Click Element" library="SeleniumLibrary">
<arg>${sort}</arg>
<doc>Click the element identified by ``locator``.</doc>
<msg timestamp="20220316 01:28:46.588" level="INFO">Clicking element 'class:b-fund-sort-wrapper__sort-by-icon'.</msg>
<status status="PASS" starttime="20220316 01:28:46.587" endtime="20220316 01:28:46.743"/>
</kw>
<status status="PASS" starttime="20220316 01:28:39.584" endtime="20220316 01:28:46.744"/>
</kw>
<kw name="And click on marketcap" library="keywords">
<kw name="Sleep" library="BuiltIn">
<arg>8s</arg>
<doc>Pauses the test executed for the given time.</doc>
<msg timestamp="20220316 01:28:54.747" level="INFO">Slept 8 seconds</msg>
<status status="PASS" starttime="20220316 01:28:46.746" endtime="20220316 01:28:54.747"/>
</kw>
<kw name="Click Element" library="SeleniumLibrary">
<arg>${marketcap}</arg>
<doc>Click the element identified by ``locator``.</doc>
<msg timestamp="20220316 01:28:54.747" level="INFO">Clicking element '//*[contains(text(),'Market cap')]'.</msg>
<status status="PASS" starttime="20220316 01:28:54.747" endtime="20220316 01:28:54.851"/>
</kw>
<kw name="Sleep" library="BuiltIn">
<arg>7s</arg>
<doc>Pauses the test executed for the given time.</doc>
<msg timestamp="20220316 01:29:01.852" level="INFO">Slept 7 seconds</msg>
<status status="PASS" starttime="20220316 01:28:54.851" endtime="20220316 01:29:01.852"/>
</kw>
<status status="PASS" starttime="20220316 01:28:46.745" endtime="20220316 01:29:01.852"/>
</kw>
<kw name="Close All Browsers" library="SeleniumLibrary">
<doc>Closes all open browsers and resets the browser cache.</doc>
<status status="PASS" starttime="20220316 01:29:01.853" endtime="20220316 01:29:04.311"/>
</kw>
<tag>TC10</tag>
<status status="PASS" starttime="20220316 01:28:00.275" endtime="20220316 01:29:04.312"/>
</test>
<test id="s1-t11" name="Verify that does the US Stock page offer sort from high to low?">
<kw name="Given open kuvera and login" library="keywords">
<kw name="Open Browser" library="SeleniumLibrary">
<arg>${kuvera URL}</arg>
<arg>${Browser}</arg>
<doc>Opens a new browser instance to the optional ``url``.</doc>
<msg timestamp="20220316 01:29:04.319" level="INFO">Opening browser 'chrome' to base url 'https://kuvera.in/'.</msg>
<status status="PASS" starttime="20220316 01:29:04.318" endtime="20220316 01:29:08.107"/>
</kw>
<kw name="Sleep" library="BuiltIn">
<arg>3s</arg>
<doc>Pauses the test executed for the given time.</doc>
<msg timestamp="20220316 01:29:11.109" level="INFO">Slept 3 seconds</msg>
<status status="PASS" starttime="20220316 01:29:08.107" endtime="20220316 01:29:11.109"/>
</kw>
<kw name="Maximize Browser Window" library="SeleniumLibrary">
<doc>Maximizes current browser window.</doc>
<status status="PASS" starttime="20220316 01:29:11.109" endtime="20220316 01:29:11.236"/>
</kw>
<kw name="Click Element" library="SeleniumLibrary">
<arg>${close}</arg>
<doc>Click the element identified by ``locator``.</doc>
<msg timestamp="20220316 01:29:11.237" level="INFO">Clicking element 'xpath://button[contains(text(),'Close')]'.</msg>
<status status="PASS" starttime="20220316 01:29:11.236" endtime="20220316 01:29:11.339"/>
</kw>
<kw name="Sleep" library="BuiltIn">
<arg>4s</arg>
<doc>Pauses the test executed for the given time.</doc>
<msg timestamp="20220316 01:29:15.342" level="INFO">Slept 4 seconds</msg>
<status status="PASS" starttime="20220316 01:29:11.339" endtime="20220316 01:29:15.342"/>
</kw>
<kw name="Click Element" library="SeleniumLibrary">
<arg>${login}</arg>
<doc>Click the element identified by ``locator``.</doc>
<msg timestamp="20220316 01:29:15.343" level="INFO">Clicking element 'xpath://a[contains(text(),'Log in')]'.</msg>
<status status="PASS" starttime="20220316 01:29:15.342" endtime="20220316 01:29:15.444"/>
</kw>
<kw name="Sleep" library="BuiltIn">
<arg>4s</arg>
<doc>Pauses the test executed for the given time.</doc>
<msg timestamp="20220316 01:29:19.447" level="INFO">Slept 4 seconds</msg>
<status status="PASS" starttime="20220316 01:29:15.445" endtime="20220316 01:29:19.447"/>
</kw>
<kw name="Input Text" library="SeleniumLibrary">
<arg>${email_path}</arg>
<arg>${email_value}</arg>
<doc>Types the given ``text`` into the text field identified by ``locator``.</doc>
<msg timestamp="20220316 01:29:19.448" level="INFO">Typing text 'indiakarnataka18@gmail.com' into text field 'id:email'.</msg>
<status status="PASS" starttime="20220316 01:29:19.447" endtime="20220316 01:29:19.616"/>
</kw>
<kw name="Input Text" library="SeleniumLibrary">
<arg>${pwd_path}</arg>
<arg>${pwd_value}</arg>
<doc>Types the given ``text`` into the text field identified by ``locator``.</doc>
<msg timestamp="20220316 01:29:19.617" level="INFO">Typing text 'Tom2jerry!' into text field 'id:password'.</msg>
<status status="PASS" starttime="20220316 01:29:19.616" endtime="20220316 01:29:19.747"/>
</kw>
<kw name="Sleep" library="BuiltIn">
<arg>4s</arg>
<doc>Pauses the test executed for the given time.</doc>
<msg timestamp="20220316 01:29:23.750" level="INFO">Slept 4 seconds</msg>
<status status="PASS" starttime="20220316 01:29:19.748" endtime="20220316 01:29:23.750"/>
</kw>
<kw name="Click Button" library="SeleniumLibrary">
<arg>${lognbtn}</arg>
<doc>Clicks the button identified by ``locator``.</doc>
<msg timestamp="20220316 01:29:23.751" level="INFO">Clicking button 'xpath://button[@id='login-btn']'.</msg>
<status status="PASS" starttime="20220316 01:29:23.750" endtime="20220316 01:29:23.849"/>
</kw>
<kw name="Sleep" library="BuiltIn">
<arg>7s</arg>
<doc>Pauses the test executed for the given time.</doc>
<msg timestamp="20220316 01:29:30.850" level="INFO">Slept 7 seconds</msg>
<status status="PASS" starttime="20220316 01:29:23.849" endtime="20220316 01:29:30.850"/>
</kw>
<status status="PASS" starttime="20220316 01:29:04.318" endtime="20220316 01:29:30.850"/>
</kw>
<kw name="When click on US stocks" library="keywords">
<kw name="Sleep" library="BuiltIn">
<arg>5s</arg>
<doc>Pauses the test executed for the given time.</doc>
<msg timestamp="20220316 01:29:35.855" level="INFO">Slept 5 seconds</msg>
<status status="PASS" starttime="20220316 01:29:30.852" endtime="20220316 01:29:35.856"/>
</kw>
<kw name="Click Element" library="SeleniumLibrary">
<arg>${USstock}</arg>
<doc>Click the element identified by ``locator``.</doc>
<msg timestamp="20220316 01:29:35.861" level="INFO">Clicking element 'xpath://span[contains(text(),'US stocks')]'.</msg>
<status status="PASS" starttime="20220316 01:29:35.857" endtime="20220316 01:29:36.624"/>
</kw>
<kw name="Sleep" library="BuiltIn">
<arg>7s</arg>
<doc>Pauses the test executed for the given time.</doc>
<msg timestamp="20220316 01:29:43.630" level="INFO">Slept 7 seconds</msg>
<status status="PASS" starttime="20220316 01:29:36.626" endtime="20220316 01:29:43.630"/>
</kw>
<status status="PASS" starttime="20220316 01:29:30.851" endtime="20220316 01:29:43.631"/>
</kw>
<kw name="And click on sort" library="keywords">
<kw name="Sleep" library="BuiltIn">
<arg>7s</arg>
<doc>Pauses the test executed for the given time.</doc>
<msg timestamp="20220316 01:29:50.634" level="INFO">Slept 7 seconds</msg>
<status status="PASS" starttime="20220316 01:29:43.632" endtime="20220316 01:29:50.634"/>
</kw>
<kw name="Click Element" library="SeleniumLibrary">
<arg>${sort}</arg>
<doc>Click the element identified by ``locator``.</doc>
<msg timestamp="20220316 01:29:50.640" level="INFO">Clicking element 'class:b-fund-sort-wrapper__sort-by-icon'.</msg>
<status status="PASS" starttime="20220316 01:29:50.639" endtime="20220316 01:29:50.785"/>
</kw>
<status status="PASS" starttime="20220316 01:29:43.631" endtime="20220316 01:29:50.785"/>
</kw>
<kw name="click on name" library="keywords">
<kw name="Sleep" library="BuiltIn">
<arg>8s</arg>
<doc>Pauses the test executed for the given time.</doc>
<msg timestamp="20220316 01:29:58.788" level="INFO">Slept 8 seconds</msg>
<status status="PASS" starttime="20220316 01:29:50.788" endtime="20220316 01:29:58.789"/>
</kw>
<kw name="Click Element" library="SeleniumLibrary">
<arg>${name}</arg>
<doc>Click the element identified by ``locator``.</doc>
<msg timestamp="20220316 01:29:58.791" level="INFO">Clicking element '//*[contains(text(),'Name')]'.</msg>
<status status="PASS" starttime="20220316 01:29:58.790" endtime="20220316 01:29:59.123"/>
</kw>
<kw name="Sleep" library="BuiltIn">
<arg>8s</arg>
<doc>Pauses the test executed for the given time.</doc>
<msg timestamp="20220316 01:30:07.124" level="INFO">Slept 8 seconds</msg>
<status status="PASS" starttime="20220316 01:29:59.124" endtime="20220316 01:30:07.124"/>
</kw>
<kw name="Click Element" library="SeleniumLibrary">
<arg>${sort}</arg>
<doc>Click the element identified by ``locator``.</doc>
<msg timestamp="20220316 01:30:07.126" level="INFO">Clicking element 'class:b-fund-sort-wrapper__sort-by-icon'.</msg>
<status status="PASS" starttime="20220316 01:30:07.125" endtime="20220316 01:30:07.242"/>
</kw>
<kw name="Sleep" library="BuiltIn">
<arg>7s</arg>
<doc>Pauses the test executed for the given time.</doc>
<msg timestamp="20220316 01:30:14.243" level="INFO">Slept 7 seconds</msg>
<status status="PASS" starttime="20220316 01:30:07.242" endtime="20220316 01:30:14.243"/>
</kw>
<kw name="Click Element" library="SeleniumLibrary">
<arg>${lowtohigh}</arg>
<doc>Click the element identified by ``locator``.</doc>
<msg timestamp="20220316 01:30:14.246" level="INFO">Clicking element '//*[contains(text(),'Low to high')]'.</msg>
<status status="PASS" starttime="20220316 01:30:14.244" endtime="20220316 01:30:14.446"/>
</kw>
<kw name="Sleep" library="BuiltIn">
<arg>7s</arg>
<doc>Pauses the test executed for the given time.</doc>
<msg timestamp="20220316 01:30:21.449" level="INFO">Slept 7 seconds</msg>
<status status="PASS" starttime="20220316 01:30:14.447" endtime="20220316 01:30:21.449"/>
</kw>
<status status="PASS" starttime="20220316 01:29:50.787" endtime="20220316 01:30:21.449"/>
</kw>
<kw name="Close All Browsers" library="SeleniumLibrary">
<doc>Closes all open browsers and resets the browser cache.</doc>
<status status="PASS" starttime="20220316 01:30:21.450" endtime="20220316 01:30:24.020"/>
</kw>
<tag>TC11</tag>
<status status="PASS" starttime="20220316 01:29:04.315" endtime="20220316 01:30:24.022"/>
</test>
<status status="PASS" starttime="20220316 01:17:23.558" endtime="20220316 01:30:24.031"/>
</suite>
<statistics>
<total>
<stat pass="11" fail="0" skip="0">All Tests</stat>
</total>
<tag>
<stat pass="1" fail="0" skip="0">TC1</stat>
<stat pass="1" fail="0" skip="0">TC10</stat>
<stat pass="1" fail="0" skip="0">TC11</stat>
<stat pass="1" fail="0" skip="0">TC2</stat>
<stat pass="1" fail="0" skip="0">TC3</stat>
<stat pass="1" fail="0" skip="0">TC4</stat>
<stat pass="1" fail="0" skip="0">TC5</stat>
<stat pass="1" fail="0" skip="0">TC6</stat>
<stat pass="1" fail="0" skip="0">TC7</stat>
<stat pass="1" fail="0" skip="0">TC8</stat>
<stat pass="1" fail="0" skip="0">TC9</stat>
</tag>
<suite>
<stat pass="11" fail="0" skip="0" id="s1" name="US Stocks">US Stocks</stat>
</suite>
</statistics>
<errors>
</errors>
</robot>
