<?xml version="1.0" encoding="UTF-8"?>
<robot generator="Robot 4.1.3 (Python 3.10.1 on win32)" generated="20220315 17:28:03.108" rpa="false" schemaversion="2">
<suite id="s1" name="Robot" source="C:\Users\Admin\Robot">
<suite id="s1-s1" name="Tests" source="C:\Users\Admin\Robot\Tests">
<suite id="s1-s1-s1" name="US Stocks" source="C:\Users\Admin\Robot\Tests\US_Stocks.robot">
<test id="s1-s1-s1-t1" name="Scenario 4: Add US stocks to watchlist">
<kw name="Given open kuvera and login" library="resources">
<kw name="Open Browser" library="SeleniumLibrary">
<arg>${kuvera URL}</arg>
<arg>${Browser}</arg>
<doc>Opens a new browser instance to the optional ``url``.</doc>
<msg timestamp="20220315 17:28:04.274" level="INFO">Opening browser 'chrome' to base url 'https://kuvera.in/'.</msg>
<status status="PASS" starttime="20220315 17:28:04.272" endtime="20220315 17:28:11.191"/>
</kw>
<kw name="Sleep" library="BuiltIn">
<arg>3s</arg>
<doc>Pauses the test executed for the given time.</doc>
<msg timestamp="20220315 17:28:14.194" level="INFO">Slept 3 seconds</msg>
<status status="PASS" starttime="20220315 17:28:11.192" endtime="20220315 17:28:14.199"/>
</kw>
<kw name="Maximize Browser Window" library="SeleniumLibrary">
<doc>Maximizes current browser window.</doc>
<status status="PASS" starttime="20220315 17:28:14.199" endtime="20220315 17:28:14.522"/>
</kw>
<kw name="Click Element" library="SeleniumLibrary">
<arg>${close}</arg>
<doc>Click the element identified by ``locator``.</doc>
<msg timestamp="20220315 17:28:14.524" level="INFO">Clicking element 'xpath://button[contains(text(),'Close')]'.</msg>
<status status="PASS" starttime="20220315 17:28:14.522" endtime="20220315 17:28:14.608"/>
</kw>
<kw name="Sleep" library="BuiltIn">
<arg>4s</arg>
<doc>Pauses the test executed for the given time.</doc>
<msg timestamp="20220315 17:28:18.611" level="INFO">Slept 4 seconds</msg>
<status status="PASS" starttime="20220315 17:28:14.609" endtime="20220315 17:28:18.613"/>
</kw>
<kw name="Click Element" library="SeleniumLibrary">
<arg>${login}</arg>
<doc>Click the element identified by ``locator``.</doc>
<msg timestamp="20220315 17:28:18.614" level="INFO">Clicking element 'xpath://a[contains(text(),'Log in')]'.</msg>
<status status="PASS" starttime="20220315 17:28:18.613" endtime="20220315 17:28:18.701"/>
</kw>
<kw name="Sleep" library="BuiltIn">
<arg>4s</arg>
<doc>Pauses the test executed for the given time.</doc>
<msg timestamp="20220315 17:28:22.703" level="INFO">Slept 4 seconds</msg>
<status status="PASS" starttime="20220315 17:28:18.702" endtime="20220315 17:28:22.705"/>
</kw>
<kw name="Input Text" library="SeleniumLibrary">
<arg>id:email</arg>
<arg>indiakarnataka18@gmail.com</arg>
<doc>Types the given ``text`` into the text field identified by ``locator``.</doc>
<msg timestamp="20220315 17:28:22.706" level="INFO">Typing text 'indiakarnataka18@gmail.com' into text field 'id:email'.</msg>
<status status="PASS" starttime="20220315 17:28:22.705" endtime="20220315 17:28:22.890"/>
</kw>
<kw name="Input Text" library="SeleniumLibrary">
<arg>id:password</arg>
<arg>Tom2jerry!</arg>
<doc>Types the given ``text`` into the text field identified by ``locator``.</doc>
<msg timestamp="20220315 17:28:22.891" level="INFO">Typing text 'Tom2jerry!' into text field 'id:password'.</msg>
<status status="PASS" starttime="20220315 17:28:22.891" endtime="20220315 17:28:23.044"/>
</kw>
<kw name="Sleep" library="BuiltIn">
<arg>4s</arg>
<doc>Pauses the test executed for the given time.</doc>
<msg timestamp="20220315 17:28:27.046" level="INFO">Slept 4 seconds</msg>
<status status="PASS" starttime="20220315 17:28:23.044" endtime="20220315 17:28:27.048"/>
</kw>
<kw name="Click Button" library="SeleniumLibrary">
<arg>${lognbtn}</arg>
<doc>Clicks the button identified by ``locator``.</doc>
<msg timestamp="20220315 17:28:27.051" level="INFO">Clicking button 'xpath://button[@id='login-btn']'.</msg>
<status status="PASS" starttime="20220315 17:28:27.049" endtime="20220315 17:28:27.153"/>
</kw>
<kw name="Sleep" library="BuiltIn">
<arg>7s</arg>
<doc>Pauses the test executed for the given time.</doc>
<msg timestamp="20220315 17:28:34.156" level="INFO">Slept 7 seconds</msg>
<status status="PASS" starttime="20220315 17:28:27.154" endtime="20220315 17:28:34.159"/>
</kw>
<status status="PASS" starttime="20220315 17:28:04.252" endtime="20220315 17:28:34.160"/>
</kw>
<kw name="When click on US stocks" library="resources">
<kw name="Sleep" library="BuiltIn">
<arg>7s</arg>
<doc>Pauses the test executed for the given time.</doc>
<msg timestamp="20220315 17:28:41.196" level="INFO">Slept 7 seconds</msg>
<status status="PASS" starttime="20220315 17:28:34.194" endtime="20220315 17:28:41.203"/>
</kw>
<kw name="Click Element" library="SeleniumLibrary">
<arg>${US_Stocks}</arg>
<doc>Click the element identified by ``locator``.</doc>
<msg timestamp="20220315 17:28:41.206" level="INFO">Clicking element 'xpath://div[contains(text(),'US Stocks')]'.</msg>
<status status="PASS" starttime="20220315 17:28:41.204" endtime="20220315 17:28:41.354"/>
</kw>
<kw name="Sleep" library="BuiltIn">
<arg>5s</arg>
<doc>Pauses the test executed for the given time.</doc>
<msg timestamp="20220315 17:28:46.358" level="INFO">Slept 5 seconds</msg>
<status status="PASS" starttime="20220315 17:28:41.355" endtime="20220315 17:28:46.361"/>
</kw>
<status status="PASS" starttime="20220315 17:28:34.180" endtime="20220315 17:28:46.362"/>
</kw>
<kw name="And click on watchlistt" library="resources">
<kw name="Sleep" library="BuiltIn">
<arg>5s</arg>
<doc>Pauses the test executed for the given time.</doc>
<msg timestamp="20220315 17:28:51.394" level="INFO">Slept 5 seconds</msg>
<status status="PASS" starttime="20220315 17:28:46.391" endtime="20220315 17:28:51.396"/>
</kw>
<kw name="Click Element" library="SeleniumLibrary">
<arg>${watchlisticon}</arg>
<doc>Click the element identified by ``locator``.</doc>
<msg timestamp="20220315 17:28:51.397" level="INFO">Clicking element 'class:k-cursor--pointer'.</msg>
<status status="PASS" starttime="20220315 17:28:51.396" endtime="20220315 17:28:51.677"/>
</kw>
<kw name="Sleep" library="BuiltIn">
<arg>5s</arg>
<doc>Pauses the test executed for the given time.</doc>
<msg timestamp="20220315 17:28:56.679" level="INFO">Slept 5 seconds</msg>
<status status="PASS" starttime="20220315 17:28:51.678" endtime="20220315 17:28:56.681"/>
</kw>
<status status="PASS" starttime="20220315 17:28:46.375" endtime="20220315 17:28:56.682"/>
</kw>
<kw name="Close All Browsers" library="SeleniumLibrary">
<doc>Closes all open browsers and resets the browser cache.</doc>
<status status="PASS" starttime="20220315 17:28:56.695" endtime="20220315 17:28:58.852"/>
</kw>
<status status="PASS" starttime="20220315 17:28:04.247" endtime="20220315 17:28:58.853"/>
</test>
<status status="PASS" starttime="20220315 17:28:03.376" endtime="20220315 17:28:58.858"/>
</suite>
<status status="PASS" starttime="20220315 17:28:03.364" endtime="20220315 17:28:58.866"/>
</suite>
<status status="PASS" starttime="20220315 17:28:03.289" endtime="20220315 17:28:58.873"/>
</suite>
<statistics>
<total>
<stat pass="1" fail="0" skip="0">All Tests</stat>
</total>
<tag>
</tag>
<suite>
<stat pass="1" fail="0" skip="0" id="s1" name="Robot">Robot</stat>
<stat pass="1" fail="0" skip="0" id="s1-s1" name="Tests">Robot.Tests</stat>
<stat pass="1" fail="0" skip="0" id="s1-s1-s1" name="US Stocks">Robot.Tests.US Stocks</stat>
</suite>
</statistics>
<errors>
</errors>
</robot>
